{"/home/travis/build/npmtest/node-npmtest-angular-crypto/test.js":{"path":"/home/travis/build/npmtest/node-npmtest-angular-crypto/test.js","s":{"1":2,"2":2,"3":2,"4":2,"5":2,"6":2,"7":2,"8":1,"9":2,"10":2,"11":1,"12":1,"13":1,"14":1,"15":2,"16":2,"17":2,"18":2,"19":1,"20":1,"21":2,"22":2,"23":2,"24":1,"25":1,"26":1,"27":1,"28":1,"29":1,"30":1,"31":1,"32":1,"33":1,"34":1,"35":1,"36":1,"37":1,"38":1,"39":2,"40":2,"41":1,"42":2,"43":2,"44":1,"45":2,"46":2,"47":1,"48":2,"49":2,"50":1,"51":1,"52":1,"53":1,"54":1},"b":{"1":[2,1,1,1],"2":[1,1,1,1],"3":[1,1],"4":[1,1],"5":[1,1],"6":[1,1],"7":[1,1],"8":[1,1],"9":[1,1],"10":[1,1,1],"11":[1,1],"12":[1,1],"13":[1,1],"14":[1,1],"15":[1,1],"16":[1,1],"17":[1,1]},"f":{"1":2,"2":2,"3":2,"4":2,"5":2,"6":1,"7":1,"8":1,"9":2,"10":2,"11":2,"12":2,"13":1},"fnMap":{"1":{"name":"(anonymous_1)","line":12,"loc":{"start":{"line":12,"column":1},"end":{"line":12,"column":13}}},"2":{"name":"(anonymous_2)","line":19,"loc":{"start":{"line":19,"column":5},"end":{"line":19,"column":17}}},"3":{"name":"(anonymous_3)","line":23,"loc":{"start":{"line":23,"column":24},"end":{"line":23,"column":36}}},"4":{"name":"(anonymous_4)","line":61,"loc":{"start":{"line":61,"column":5},"end":{"line":61,"column":17}}},"5":{"name":"(anonymous_5)","line":82,"loc":{"start":{"line":82,"column":5},"end":{"line":82,"column":17}}},"6":{"name":"(anonymous_6)","line":91,"loc":{"start":{"line":91,"column":77},"end":{"line":94,"column":10}}},"7":{"name":"(anonymous_7)","line":112,"loc":{"start":{"line":112,"column":83},"end":{"line":115,"column":10}},"skip":true},"8":{"name":"(anonymous_8)","line":123,"loc":{"start":{"line":123,"column":77},"end":{"line":126,"column":10}},"skip":true},"9":{"name":"(anonymous_9)","line":139,"loc":{"start":{"line":139,"column":12},"end":{"line":139,"column":40}},"skip":true},"10":{"name":"(anonymous_10)","line":147,"loc":{"start":{"line":147,"column":77},"end":{"line":150,"column":10}},"skip":true},"11":{"name":"(anonymous_11)","line":158,"loc":{"start":{"line":158,"column":83},"end":{"line":161,"column":10}},"skip":true},"12":{"name":"(anonymous_12)","line":169,"loc":{"start":{"line":169,"column":79},"end":{"line":172,"column":10}},"skip":true},"13":{"name":"(anonymous_13)","line":180,"loc":{"start":{"line":180,"column":75},"end":{"line":183,"column":10}},"skip":true}},"statementMap":{"1":{"start":{"line":12,"column":0},"end":{"line":195,"column":5}},"2":{"start":{"line":14,"column":4},"end":{"line":14,"column":14}},"3":{"start":{"line":19,"column":4},"end":{"line":56,"column":9}},"4":{"start":{"line":21,"column":8},"end":{"line":21,"column":19}},"5":{"start":{"line":23,"column":8},"end":{"line":35,"column":13}},"6":{"start":{"line":24,"column":12},"end":{"line":34,"column":13}},"7":{"start":{"line":25,"column":16},"end":{"line":28,"column":30}},"8":{"start":{"line":30,"column":16},"end":{"line":33,"column":27}},"9":{"start":{"line":37,"column":8},"end":{"line":39,"column":21}},"10":{"start":{"line":40,"column":8},"end":{"line":53,"column":9}},"11":{"start":{"line":43,"column":12},"end":{"line":46,"column":14}},"12":{"start":{"line":47,"column":12},"end":{"line":47,"column":18}},"13":{"start":{"line":50,"column":12},"end":{"line":51,"column":33}},"14":{"start":{"line":52,"column":12},"end":{"line":52,"column":18}},"15":{"start":{"line":55,"column":8},"end":{"line":55,"column":35}},"16":{"start":{"line":61,"column":4},"end":{"line":63,"column":9}},"17":{"start":{"line":62,"column":8},"end":{"line":62,"column":15}},"18":{"start":{"line":64,"column":4},"end":{"line":77,"column":5}},"19":{"start":{"line":70,"column":8},"end":{"line":70,"column":14}},"20":{"start":{"line":76,"column":8},"end":{"line":76,"column":14}},"21":{"start":{"line":82,"column":4},"end":{"line":84,"column":9}},"22":{"start":{"line":83,"column":8},"end":{"line":83,"column":15}},"23":{"start":{"line":85,"column":4},"end":{"line":194,"column":5}},"24":{"start":{"line":91,"column":8},"end":{"line":99,"column":10}},"25":{"start":{"line":98,"column":12},"end":{"line":98,"column":35}},"26":{"start":{"line":102,"column":8},"end":{"line":104,"column":63}},"27":{"start":{"line":105,"column":8},"end":{"line":105,"column":14}},"28":{"start":{"line":112,"column":8},"end":{"line":121,"column":10},"skip":true},"29":{"start":{"line":119,"column":12},"end":{"line":119,"column":55},"skip":true},"30":{"start":{"line":120,"column":12},"end":{"line":120,"column":48},"skip":true},"31":{"start":{"line":123,"column":8},"end":{"line":136,"column":10},"skip":true},"32":{"start":{"line":130,"column":12},"end":{"line":130,"column":76},"skip":true},"33":{"start":{"line":131,"column":12},"end":{"line":131,"column":73},"skip":true},"34":{"start":{"line":132,"column":12},"end":{"line":132,"column":74},"skip":true},"35":{"start":{"line":133,"column":12},"end":{"line":133,"column":79},"skip":true},"36":{"start":{"line":134,"column":12},"end":{"line":134,"column":25},"skip":true},"37":{"start":{"line":135,"column":12},"end":{"line":135,"column":45},"skip":true},"38":{"start":{"line":138,"column":8},"end":{"line":145,"column":14},"skip":true},"39":{"start":{"line":143,"column":16},"end":{"line":143,"column":29},"skip":true},"40":{"start":{"line":144,"column":16},"end":{"line":144,"column":55},"skip":true},"41":{"start":{"line":147,"column":8},"end":{"line":156,"column":10},"skip":true},"42":{"start":{"line":154,"column":12},"end":{"line":154,"column":25},"skip":true},"43":{"start":{"line":155,"column":12},"end":{"line":155,"column":45},"skip":true},"44":{"start":{"line":158,"column":8},"end":{"line":167,"column":10},"skip":true},"45":{"start":{"line":165,"column":12},"end":{"line":165,"column":25},"skip":true},"46":{"start":{"line":166,"column":12},"end":{"line":166,"column":48},"skip":true},"47":{"start":{"line":169,"column":8},"end":{"line":178,"column":10},"skip":true},"48":{"start":{"line":176,"column":12},"end":{"line":176,"column":25},"skip":true},"49":{"start":{"line":177,"column":12},"end":{"line":177,"column":46},"skip":true},"50":{"start":{"line":180,"column":8},"end":{"line":189,"column":10},"skip":true},"51":{"start":{"line":187,"column":12},"end":{"line":187,"column":94},"skip":true},"52":{"start":{"line":188,"column":12},"end":{"line":188,"column":48},"skip":true},"53":{"start":{"line":192,"column":8},"end":{"line":192,"column":35},"skip":true},"54":{"start":{"line":193,"column":8},"end":{"line":193,"column":14},"skip":true}},"branchMap":{"1":{"line":25,"type":"binary-expr","locations":[{"start":{"line":25,"column":23},"end":{"line":25,"column":62}},{"start":{"line":26,"column":20},"end":{"line":26,"column":70}},{"start":{"line":27,"column":20},"end":{"line":27,"column":71}},{"start":{"line":28,"column":20},"end":{"line":28,"column":29}}]},"2":{"line":30,"type":"binary-expr","locations":[{"start":{"line":30,"column":23},"end":{"line":30,"column":37}},{"start":{"line":31,"column":20},"end":{"line":31,"column":61}},{"start":{"line":32,"column":20},"end":{"line":32,"column":70}},{"start":{"line":33,"column":20},"end":{"line":33,"column":26}}]},"3":{"line":37,"type":"cond-expr","locations":[{"start":{"line":38,"column":14},"end":{"line":38,"column":20}},{"start":{"line":39,"column":14},"end":{"line":39,"column":20}}]},"4":{"line":40,"type":"switch","locations":[{"start":{"line":42,"column":8},"end":{"line":47,"column":18}},{"start":{"line":49,"column":8},"end":{"line":52,"column":18}}]},"5":{"line":44,"type":"binary-expr","locations":[{"start":{"line":44,"column":16},"end":{"line":44,"column":44}},{"start":{"line":44,"column":48},"end":{"line":44,"column":66}}]},"6":{"line":50,"type":"binary-expr","locations":[{"start":{"line":50,"column":21},"end":{"line":50,"column":49}},{"start":{"line":50,"column":53},"end":{"line":50,"column":72}}]},"7":{"line":64,"type":"switch","locations":[{"start":{"line":69,"column":4},"end":{"line":70,"column":14}},{"start":{"line":75,"column":4},"end":{"line":76,"column":14}}]},"8":{"line":85,"type":"switch","locations":[{"start":{"line":90,"column":4},"end":{"line":105,"column":14}},{"start":{"line":111,"column":4},"end":{"line":193,"column":14},"skip":true}]},"9":{"line":91,"type":"binary-expr","locations":[{"start":{"line":91,"column":42},"end":{"line":91,"column":73}},{"start":{"line":91,"column":77},"end":{"line":99,"column":9}}]},"10":{"line":102,"type":"binary-expr","locations":[{"start":{"line":102,"column":18},"end":{"line":102,"column":32}},{"start":{"line":103,"column":12},"end":{"line":103,"column":53}},{"start":{"line":104,"column":12},"end":{"line":104,"column":61}}]},"11":{"line":112,"type":"binary-expr","locations":[{"start":{"line":112,"column":45},"end":{"line":112,"column":79},"skip":true},{"start":{"line":112,"column":83},"end":{"line":121,"column":9},"skip":true}]},"12":{"line":123,"type":"binary-expr","locations":[{"start":{"line":123,"column":42},"end":{"line":123,"column":73},"skip":true},{"start":{"line":123,"column":77},"end":{"line":136,"column":9},"skip":true}]},"13":{"line":138,"type":"binary-expr","locations":[{"start":{"line":138,"column":48},"end":{"line":138,"column":85},"skip":true},{"start":{"line":139,"column":12},"end":{"line":145,"column":13},"skip":true}]},"14":{"line":147,"type":"binary-expr","locations":[{"start":{"line":147,"column":42},"end":{"line":147,"column":73},"skip":true},{"start":{"line":147,"column":77},"end":{"line":156,"column":9},"skip":true}]},"15":{"line":158,"type":"binary-expr","locations":[{"start":{"line":158,"column":45},"end":{"line":158,"column":79},"skip":true},{"start":{"line":158,"column":83},"end":{"line":167,"column":9},"skip":true}]},"16":{"line":169,"type":"binary-expr","locations":[{"start":{"line":169,"column":43},"end":{"line":169,"column":75},"skip":true},{"start":{"line":169,"column":79},"end":{"line":178,"column":9},"skip":true}]},"17":{"line":180,"type":"binary-expr","locations":[{"start":{"line":180,"column":41},"end":{"line":180,"column":71},"skip":true},{"start":{"line":180,"column":75},"end":{"line":189,"column":9},"skip":true}]}},"code":["/* istanbul instrument in package npmtest_angular_crypto */","/*jslint","    bitwise: true,","    browser: true,","    maxerr: 8,","    maxlen: 96,","    node: true,","    nomen: true,","    regexp: true,","    stupid: true","*/","(function () {","    'use strict';","    var local;","","","","    // run shared js-env code - init-before","    (function () {","        // init local","        local = {};","        // init modeJs","        local.modeJs = (function () {","            try {","                return typeof navigator.userAgent === 'string' &&","                    typeof document.querySelector('body') === 'object' &&","                    typeof XMLHttpRequest.prototype.open === 'function' &&","                    'browser';","            } catch (errorCaughtBrowser) {","                return module.exports &&","                    typeof process.versions.node === 'string' &&","                    typeof require('http').createServer === 'function' &&","                    'node';","            }","        }());","        // init global","        local.global = local.modeJs === 'browser'","            ? window","            : global;","        switch (local.modeJs) {","        // re-init local from window.local","        case 'browser':","            local = local.global.utility2.objectSetDefault(","                local.global.utility2_rollup || local.global.local,","                local.global.utility2","            );","            break;","        // re-init local from example.js","        case 'node':","            local = (local.global.utility2_rollup || require('utility2'))","                .requireReadme();","            break;","        }","        // export local","        local.global.local = local;","    }());","","","","    // run shared js-env code - function","    (function () {","        return;","    }());","    switch (local.modeJs) {","","","","    // run browser js-env code - function","    case 'browser':","        break;","","","","    // run node js-env code - function","    case 'node':","        break;","    }","","","","    // run shared js-env code - init-after","    (function () {","        return;","    }());","    switch (local.modeJs) {","","","","    // run browser js-env code - init-after","    case 'browser':","        local.testCase_browser_nullCase = local.testCase_browser_nullCase || function (","            options,","            onError","        ) {","        /*","         * this function will test browsers's null-case handling-behavior-behavior","         */","            onError(null, options);","        };","","        // run tests","        local.nop(local.modeTest &&","            document.querySelector('#testRunButton1') &&","            document.querySelector('#testRunButton1').click());","        break;","","","","    // run node js-env code - init-after","    /* istanbul ignore next */","    case 'node':","        local.testCase_buildApidoc_default = local.testCase_buildApidoc_default || function (","            options,","            onError","        ) {","        /*","         * this function will test buildApidoc's default handling-behavior-behavior","         */","            options = { modulePathList: module.paths };","            local.buildApidoc(options, onError);","        };","","        local.testCase_buildApp_default = local.testCase_buildApp_default || function (","            options,","            onError","        ) {","        /*","         * this function will test buildApp's default handling-behavior-behavior","         */","            local.testCase_buildReadme_default(options, local.onErrorThrow);","            local.testCase_buildLib_default(options, local.onErrorThrow);","            local.testCase_buildTest_default(options, local.onErrorThrow);","            local.testCase_buildCustomOrg_default(options, local.onErrorThrow);","            options = [];","            local.buildApp(options, onError);","        };","","        local.testCase_buildCustomOrg_default = local.testCase_buildCustomOrg_default ||","            function (options, onError) {","            /*","             * this function will test buildCustomOrg's default handling-behavior","             */","                options = {};","                local.buildCustomOrg(options, onError);","            };","","        local.testCase_buildLib_default = local.testCase_buildLib_default || function (","            options,","            onError","        ) {","        /*","         * this function will test buildLib's default handling-behavior","         */","            options = {};","            local.buildLib(options, onError);","        };","","        local.testCase_buildReadme_default = local.testCase_buildReadme_default || function (","            options,","            onError","        ) {","        /*","         * this function will test buildReadme's default handling-behavior-behavior","         */","            options = {};","            local.buildReadme(options, onError);","        };","","        local.testCase_buildTest_default = local.testCase_buildTest_default || function (","            options,","            onError","        ) {","        /*","         * this function will test buildTest's default handling-behavior","         */","            options = {};","            local.buildTest(options, onError);","        };","","        local.testCase_webpage_default = local.testCase_webpage_default || function (","            options,","            onError","        ) {","        /*","         * this function will test webpage's default handling-behavior","         */","            options = { modeCoverageMerge: true, url: local.serverLocalHost + '?modeTest=1' };","            local.browserTest(options, onError);","        };","","        // run test-server","        local.testRunServer(local);","        break;","    }","}());",""],"l":{"12":2,"14":2,"19":2,"21":2,"23":2,"24":2,"25":2,"30":1,"37":2,"40":2,"43":1,"47":1,"50":1,"52":1,"55":2,"61":2,"62":2,"64":2,"70":1,"76":1,"82":2,"83":2,"85":2,"91":1,"98":1,"102":1,"105":1,"112":1,"119":1,"120":1,"123":1,"130":1,"131":1,"132":1,"133":1,"134":1,"135":1,"138":1,"143":2,"144":2,"147":1,"154":2,"155":2,"158":1,"165":2,"166":2,"169":1,"176":2,"177":2,"180":1,"187":1,"188":1,"192":1,"193":1}},"/home/travis/build/npmtest/node-npmtest-angular-crypto/lib.npmtest_angular_crypto.js":{"path":"/home/travis/build/npmtest/node-npmtest-angular-crypto/lib.npmtest_angular_crypto.js","s":{"1":2,"2":2,"3":2,"4":2,"5":2,"6":2,"7":2,"8":1,"9":2,"10":2,"11":2,"12":2,"13":1,"14":1,"15":1,"16":1},"b":{"1":[2,1,1,1],"2":[1,1,1,1],"3":[1,1],"4":[2,2],"5":[1,1]},"f":{"1":2,"2":2,"3":2},"fnMap":{"1":{"name":"(anonymous_1)","line":12,"loc":{"start":{"line":12,"column":1},"end":{"line":12,"column":13}}},"2":{"name":"(anonymous_2)","line":19,"loc":{"start":{"line":19,"column":5},"end":{"line":19,"column":17}}},"3":{"name":"(anonymous_3)","line":23,"loc":{"start":{"line":23,"column":24},"end":{"line":23,"column":36}}}},"statementMap":{"1":{"start":{"line":12,"column":0},"end":{"line":53,"column":5}},"2":{"start":{"line":14,"column":4},"end":{"line":14,"column":14}},"3":{"start":{"line":19,"column":4},"end":{"line":52,"column":9}},"4":{"start":{"line":21,"column":8},"end":{"line":21,"column":19}},"5":{"start":{"line":23,"column":8},"end":{"line":35,"column":13}},"6":{"start":{"line":24,"column":12},"end":{"line":34,"column":13}},"7":{"start":{"line":25,"column":16},"end":{"line":28,"column":30}},"8":{"start":{"line":30,"column":16},"end":{"line":33,"column":27}},"9":{"start":{"line":37,"column":8},"end":{"line":39,"column":21}},"10":{"start":{"line":41,"column":8},"end":{"line":41,"column":54}},"11":{"start":{"line":43,"column":8},"end":{"line":43,"column":59}},"12":{"start":{"line":45,"column":8},"end":{"line":51,"column":9}},"13":{"start":{"line":46,"column":12},"end":{"line":46,"column":65}},"14":{"start":{"line":48,"column":12},"end":{"line":48,"column":35}},"15":{"start":{"line":49,"column":12},"end":{"line":49,"column":49}},"16":{"start":{"line":50,"column":12},"end":{"line":50,"column":43}}},"branchMap":{"1":{"line":25,"type":"binary-expr","locations":[{"start":{"line":25,"column":23},"end":{"line":25,"column":62}},{"start":{"line":26,"column":20},"end":{"line":26,"column":70}},{"start":{"line":27,"column":20},"end":{"line":27,"column":71}},{"start":{"line":28,"column":20},"end":{"line":28,"column":29}}]},"2":{"line":30,"type":"binary-expr","locations":[{"start":{"line":30,"column":23},"end":{"line":30,"column":37}},{"start":{"line":31,"column":20},"end":{"line":31,"column":61}},{"start":{"line":32,"column":20},"end":{"line":32,"column":70}},{"start":{"line":33,"column":20},"end":{"line":33,"column":26}}]},"3":{"line":37,"type":"cond-expr","locations":[{"start":{"line":38,"column":14},"end":{"line":38,"column":20}},{"start":{"line":39,"column":14},"end":{"line":39,"column":20}}]},"4":{"line":41,"type":"binary-expr","locations":[{"start":{"line":41,"column":16},"end":{"line":41,"column":44}},{"start":{"line":41,"column":48},"end":{"line":41,"column":53}}]},"5":{"line":45,"type":"if","locations":[{"start":{"line":45,"column":8},"end":{"line":45,"column":8}},{"start":{"line":45,"column":8},"end":{"line":45,"column":8}}]}},"code":["/* istanbul instrument in package npmtest_angular_crypto */","/*jslint","    bitwise: true,","    browser: true,","    maxerr: 8,","    maxlen: 96,","    node: true,","    nomen: true,","    regexp: true,","    stupid: true","*/","(function () {","    'use strict';","    var local;","","","","    // run shared js-env code - init-before","    (function () {","        // init local","        local = {};","        // init modeJs","        local.modeJs = (function () {","            try {","                return typeof navigator.userAgent === 'string' &&","                    typeof document.querySelector('body') === 'object' &&","                    typeof XMLHttpRequest.prototype.open === 'function' &&","                    'browser';","            } catch (errorCaughtBrowser) {","                return module.exports &&","                    typeof process.versions.node === 'string' &&","                    typeof require('http').createServer === 'function' &&","                    'node';","            }","        }());","        // init global","        local.global = local.modeJs === 'browser'","            ? window","            : global;","        // init utility2_rollup","        local = local.global.utility2_rollup || local;","        // init lib","        local.local = local.npmtest_angular_crypto = local;","        // init exports","        if (local.modeJs === 'browser') {","            local.global.utility2_npmtest_angular_crypto = local;","        } else {","            module.exports = local;","            module.exports.__dirname = __dirname;","            module.exports.module = module;","        }","    }());","}());",""],"l":{"12":2,"14":2,"19":2,"21":2,"23":2,"24":2,"25":2,"30":1,"37":2,"41":2,"43":2,"45":2,"46":1,"48":1,"49":1,"50":1}},"/home/travis/build/npmtest/node-npmtest-angular-crypto/example.js":{"path":"/home/travis/build/npmtest/node-npmtest-angular-crypto/example.js","s":{"1":2,"2":2,"3":2,"4":2,"5":2,"6":2,"7":2,"8":1,"9":2,"10":2,"11":2,"12":2,"13":1,"14":2,"15":2,"16":2,"17":2,"18":2,"19":0,"20":2,"21":1,"22":1,"23":1,"24":1,"25":1,"26":0,"27":0,"28":1,"29":1,"30":2,"31":0,"32":0,"33":0,"34":1,"35":2,"36":2,"37":3,"38":3,"39":3,"40":3,"41":0,"42":3,"43":3,"44":3,"45":1,"46":3,"47":1,"48":1,"49":1,"50":1,"51":1,"52":1,"53":1,"54":1,"55":1,"56":1,"57":0,"58":1,"59":6,"60":6,"61":1,"62":2,"63":0,"64":2,"65":1,"66":1,"67":0,"68":0,"69":0,"70":0,"71":0,"72":0,"73":0,"74":0,"75":0,"76":0,"77":0,"78":0,"79":0,"80":0,"81":0,"82":0,"83":0},"b":{"1":[2,1,1,1],"2":[1,1,1,1],"3":[1,1],"4":[2,2],"5":[1,1],"6":[1,1],"7":[2,0],"8":[2,1,1,1,1,1],"9":[0,2,0],"10":[1,1],"11":[2,1,1],"12":[1,0],"13":[0,2],"14":[2,0,0,0,0,0,0],"15":[0,3],"16":[3,0],"17":[1,1],"18":[0,1],"19":[1,2,0,2],"20":[1,0],"21":[1,1],"22":[0,0],"23":[0,0],"24":[0,0],"25":[0,0],"26":[0,0],"27":[0,0],"28":[0,0]},"f":{"1":2,"2":2,"3":2,"4":2,"5":2,"6":2,"7":3,"8":3,"9":3,"10":1,"11":6,"12":0},"fnMap":{"1":{"name":"(anonymous_1)","line":26,"loc":{"start":{"line":26,"column":1},"end":{"line":26,"column":13}}},"2":{"name":"(anonymous_2)","line":33,"loc":{"start":{"line":33,"column":5},"end":{"line":33,"column":17}}},"3":{"name":"(anonymous_3)","line":37,"loc":{"start":{"line":37,"column":24},"end":{"line":37,"column":36}}},"4":{"name":"(anonymous_4)","line":69,"loc":{"start":{"line":69,"column":31},"end":{"line":69,"column":48}},"skip":true},"5":{"name":"(anonymous_5)","line":78,"loc":{"start":{"line":78,"column":26},"end":{"line":78,"column":45}},"skip":true},"6":{"name":"(anonymous_6)","line":123,"loc":{"start":{"line":123,"column":33},"end":{"line":123,"column":48}},"skip":true},"7":{"name":"(anonymous_7)","line":125,"loc":{"start":{"line":125,"column":27},"end":{"line":125,"column":39}},"skip":true},"8":{"name":"(anonymous_8)","line":133,"loc":{"start":{"line":133,"column":59},"end":{"line":133,"column":74}},"skip":true},"9":{"name":"(anonymous_9)","line":143,"loc":{"start":{"line":143,"column":45},"end":{"line":143,"column":62}},"skip":true},"10":{"name":"(anonymous_10)","line":144,"loc":{"start":{"line":144,"column":73},"end":{"line":144,"column":92}},"skip":true},"11":{"name":"(anonymous_11)","line":272,"loc":{"start":{"line":272,"column":51},"end":{"line":272,"column":77}},"skip":true},"12":{"name":"(anonymous_12)","line":315,"loc":{"start":{"line":315,"column":32},"end":{"line":315,"column":61}},"skip":true}},"statementMap":{"1":{"start":{"line":26,"column":0},"end":{"line":326,"column":5}},"2":{"start":{"line":28,"column":4},"end":{"line":28,"column":14}},"3":{"start":{"line":33,"column":4},"end":{"line":60,"column":9}},"4":{"start":{"line":35,"column":8},"end":{"line":35,"column":19}},"5":{"start":{"line":37,"column":8},"end":{"line":49,"column":13}},"6":{"start":{"line":38,"column":12},"end":{"line":48,"column":13}},"7":{"start":{"line":39,"column":16},"end":{"line":42,"column":30}},"8":{"start":{"line":44,"column":16},"end":{"line":47,"column":27}},"9":{"start":{"line":51,"column":8},"end":{"line":53,"column":21}},"10":{"start":{"line":55,"column":8},"end":{"line":57,"column":45}},"11":{"start":{"line":59,"column":8},"end":{"line":59,"column":35}},"12":{"start":{"line":61,"column":4},"end":{"line":325,"column":5}},"13":{"start":{"line":69,"column":8},"end":{"line":121,"column":10},"skip":true},"14":{"start":{"line":70,"column":12},"end":{"line":88,"column":13},"skip":true},"15":{"start":{"line":76,"column":16},"end":{"line":87,"column":19},"skip":true},"16":{"start":{"line":79,"column":20},"end":{"line":86,"column":21},"skip":true},"17":{"start":{"line":82,"column":24},"end":{"line":82,"column":43},"skip":true},"18":{"start":{"line":83,"column":24},"end":{"line":83,"column":30},"skip":true},"19":{"start":{"line":85,"column":24},"end":{"line":85,"column":49},"skip":true},"20":{"start":{"line":89,"column":12},"end":{"line":107,"column":13},"skip":true},"21":{"start":{"line":92,"column":16},"end":{"line":102,"column":17},"skip":true},"22":{"start":{"line":93,"column":20},"end":{"line":93,"column":86},"skip":true},"23":{"start":{"line":94,"column":20},"end":{"line":95,"column":45},"skip":true},"24":{"start":{"line":96,"column":20},"end":{"line":96,"column":42},"skip":true},"25":{"start":{"line":97,"column":20},"end":{"line":97,"column":48},"skip":true},"26":{"start":{"line":100,"column":20},"end":{"line":100,"column":85},"skip":true},"27":{"start":{"line":101,"column":20},"end":{"line":101,"column":96},"skip":true},"28":{"start":{"line":103,"column":16},"end":{"line":103,"column":22},"skip":true},"29":{"start":{"line":106,"column":16},"end":{"line":106,"column":22},"skip":true},"30":{"start":{"line":108,"column":12},"end":{"line":120,"column":13},"skip":true},"31":{"start":{"line":114,"column":16},"end":{"line":119,"column":17},"skip":true},"32":{"start":{"line":116,"column":20},"end":{"line":116,"column":78},"skip":true},"33":{"start":{"line":118,"column":20},"end":{"line":118,"column":47},"skip":true},"34":{"start":{"line":123,"column":8},"end":{"line":141,"column":11},"skip":true},"35":{"start":{"line":124,"column":12},"end":{"line":124,"column":54},"skip":true},"36":{"start":{"line":125,"column":12},"end":{"line":140,"column":14},"skip":true},"37":{"start":{"line":126,"column":16},"end":{"line":126,"column":28},"skip":true},"38":{"start":{"line":127,"column":16},"end":{"line":127,"column":69},"skip":true},"39":{"start":{"line":128,"column":16},"end":{"line":128,"column":75},"skip":true},"40":{"start":{"line":129,"column":16},"end":{"line":131,"column":17},"skip":true},"41":{"start":{"line":130,"column":20},"end":{"line":130,"column":27},"skip":true},"42":{"start":{"line":133,"column":16},"end":{"line":137,"column":36},"skip":true},"43":{"start":{"line":134,"column":20},"end":{"line":136,"column":55},"skip":true},"44":{"start":{"line":139,"column":16},"end":{"line":139,"column":57},"skip":true},"45":{"start":{"line":143,"column":8},"end":{"line":147,"column":11},"skip":true},"46":{"start":{"line":144,"column":12},"end":{"line":146,"column":15},"skip":true},"47":{"start":{"line":145,"column":16},"end":{"line":145,"column":70},"skip":true},"48":{"start":{"line":149,"column":8},"end":{"line":149,"column":31},"skip":true},"49":{"start":{"line":150,"column":8},"end":{"line":150,"column":14},"skip":true},"50":{"start":{"line":158,"column":8},"end":{"line":158,"column":31},"skip":true},"51":{"start":{"line":160,"column":8},"end":{"line":160,"column":33},"skip":true},"52":{"start":{"line":161,"column":8},"end":{"line":161,"column":37},"skip":true},"53":{"start":{"line":162,"column":8},"end":{"line":162,"column":35},"skip":true},"54":{"start":{"line":164,"column":8},"end":{"line":164,"column":50},"skip":true},"55":{"start":{"line":166,"column":8},"end":{"line":256,"column":2},"skip":true},"56":{"start":{"line":258,"column":8},"end":{"line":286,"column":9},"skip":true},"57":{"start":{"line":259,"column":12},"end":{"line":269,"column":14},"skip":true},"58":{"start":{"line":271,"column":12},"end":{"line":285,"column":19},"skip":true},"59":{"start":{"line":274,"column":20},"end":{"line":274,"column":35},"skip":true},"60":{"start":{"line":275,"column":20},"end":{"line":284,"column":21},"skip":true},"61":{"start":{"line":277,"column":24},"end":{"line":277,"column":64},"skip":true},"62":{"start":{"line":279,"column":24},"end":{"line":279,"column":40},"skip":true},"63":{"start":{"line":281,"column":24},"end":{"line":281,"column":40},"skip":true},"64":{"start":{"line":283,"column":24},"end":{"line":283,"column":39},"skip":true},"65":{"start":{"line":288,"column":8},"end":{"line":290,"column":9},"skip":true},"66":{"start":{"line":289,"column":12},"end":{"line":289,"column":18},"skip":true},"67":{"start":{"line":291,"column":8},"end":{"line":293,"column":54},"skip":true},"68":{"start":{"line":296,"column":8},"end":{"line":301,"column":37},"skip":true},"69":{"start":{"line":303,"column":8},"end":{"line":303,"column":82},"skip":true},"70":{"start":{"line":306,"column":8},"end":{"line":308,"column":9},"skip":true},"71":{"start":{"line":307,"column":12},"end":{"line":307,"column":82},"skip":true},"72":{"start":{"line":310,"column":8},"end":{"line":312,"column":9},"skip":true},"73":{"start":{"line":311,"column":12},"end":{"line":311,"column":18},"skip":true},"74":{"start":{"line":313,"column":8},"end":{"line":313,"column":54},"skip":true},"75":{"start":{"line":314,"column":8},"end":{"line":314,"column":69},"skip":true},"76":{"start":{"line":315,"column":8},"end":{"line":323,"column":36},"skip":true},"77":{"start":{"line":316,"column":12},"end":{"line":316,"column":61},"skip":true},"78":{"start":{"line":317,"column":12},"end":{"line":320,"column":13},"skip":true},"79":{"start":{"line":318,"column":16},"end":{"line":318,"column":75},"skip":true},"80":{"start":{"line":319,"column":16},"end":{"line":319,"column":23},"skip":true},"81":{"start":{"line":321,"column":12},"end":{"line":321,"column":38},"skip":true},"82":{"start":{"line":322,"column":12},"end":{"line":322,"column":27},"skip":true},"83":{"start":{"line":324,"column":8},"end":{"line":324,"column":14},"skip":true}},"branchMap":{"1":{"line":39,"type":"binary-expr","locations":[{"start":{"line":39,"column":23},"end":{"line":39,"column":62}},{"start":{"line":40,"column":20},"end":{"line":40,"column":70}},{"start":{"line":41,"column":20},"end":{"line":41,"column":71}},{"start":{"line":42,"column":20},"end":{"line":42,"column":29}}]},"2":{"line":44,"type":"binary-expr","locations":[{"start":{"line":44,"column":23},"end":{"line":44,"column":37}},{"start":{"line":45,"column":20},"end":{"line":45,"column":61}},{"start":{"line":46,"column":20},"end":{"line":46,"column":70}},{"start":{"line":47,"column":20},"end":{"line":47,"column":26}}]},"3":{"line":51,"type":"cond-expr","locations":[{"start":{"line":52,"column":14},"end":{"line":52,"column":20}},{"start":{"line":53,"column":14},"end":{"line":53,"column":20}}]},"4":{"line":55,"type":"binary-expr","locations":[{"start":{"line":55,"column":16},"end":{"line":55,"column":44}},{"start":{"line":55,"column":49},"end":{"line":57,"column":43}}]},"5":{"line":55,"type":"cond-expr","locations":[{"start":{"line":56,"column":14},"end":{"line":56,"column":58}},{"start":{"line":57,"column":14},"end":{"line":57,"column":43}}]},"6":{"line":61,"type":"switch","locations":[{"start":{"line":68,"column":4},"end":{"line":150,"column":14},"skip":true},{"start":{"line":156,"column":4},"end":{"line":324,"column":14},"skip":true}]},"7":{"line":70,"type":"if","locations":[{"start":{"line":70,"column":12},"end":{"line":70,"column":12},"skip":true},{"start":{"line":70,"column":12},"end":{"line":70,"column":12},"skip":true}]},"8":{"line":70,"type":"binary-expr","locations":[{"start":{"line":70,"column":16},"end":{"line":70,"column":22},"skip":true},{"start":{"line":70,"column":27},"end":{"line":70,"column":32},"skip":true},{"start":{"line":71,"column":20},"end":{"line":71,"column":39},"skip":true},{"start":{"line":72,"column":20},"end":{"line":72,"column":49},"skip":true},{"start":{"line":73,"column":20},"end":{"line":73,"column":58},"skip":true},{"start":{"line":74,"column":20},"end":{"line":74,"column":69},"skip":true}]},"9":{"line":79,"type":"switch","locations":[{"start":{"line":80,"column":20},"end":{"line":80,"column":33},"skip":true},{"start":{"line":81,"column":20},"end":{"line":83,"column":30},"skip":true},{"start":{"line":84,"column":20},"end":{"line":85,"column":49},"skip":true}]},"10":{"line":89,"type":"switch","locations":[{"start":{"line":90,"column":12},"end":{"line":103,"column":22},"skip":true},{"start":{"line":105,"column":12},"end":{"line":106,"column":22},"skip":true}]},"11":{"line":89,"type":"binary-expr","locations":[{"start":{"line":89,"column":20},"end":{"line":89,"column":25},"skip":true},{"start":{"line":89,"column":29},"end":{"line":89,"column":48},"skip":true},{"start":{"line":89,"column":52},"end":{"line":89,"column":74},"skip":true}]},"12":{"line":92,"type":"if","locations":[{"start":{"line":92,"column":16},"end":{"line":92,"column":16},"skip":true},{"start":{"line":92,"column":16},"end":{"line":92,"column":16},"skip":true}]},"13":{"line":108,"type":"if","locations":[{"start":{"line":108,"column":12},"end":{"line":108,"column":12},"skip":true},{"start":{"line":108,"column":12},"end":{"line":108,"column":12},"skip":true}]},"14":{"line":108,"type":"binary-expr","locations":[{"start":{"line":108,"column":16},"end":{"line":108,"column":61},"skip":true},{"start":{"line":108,"column":66},"end":{"line":108,"column":72},"skip":true},{"start":{"line":108,"column":77},"end":{"line":108,"column":82},"skip":true},{"start":{"line":109,"column":20},"end":{"line":109,"column":39},"skip":true},{"start":{"line":110,"column":20},"end":{"line":110,"column":49},"skip":true},{"start":{"line":111,"column":20},"end":{"line":111,"column":58},"skip":true},{"start":{"line":112,"column":20},"end":{"line":112,"column":68},"skip":true}]},"15":{"line":129,"type":"if","locations":[{"start":{"line":129,"column":16},"end":{"line":129,"column":16},"skip":true},{"start":{"line":129,"column":16},"end":{"line":129,"column":16},"skip":true}]},"16":{"line":134,"type":"cond-expr","locations":[{"start":{"line":135,"column":26},"end":{"line":135,"column":29},"skip":true},{"start":{"line":136,"column":26},"end":{"line":136,"column":54},"skip":true}]},"17":{"line":164,"type":"binary-expr","locations":[{"start":{"line":164,"column":27},"end":{"line":164,"column":43},"skip":true},{"start":{"line":164,"column":47},"end":{"line":164,"column":49},"skip":true}]},"18":{"line":258,"type":"if","locations":[{"start":{"line":258,"column":8},"end":{"line":258,"column":8},"skip":true},{"start":{"line":258,"column":8},"end":{"line":258,"column":8},"skip":true}]},"19":{"line":275,"type":"switch","locations":[{"start":{"line":276,"column":20},"end":{"line":277,"column":64},"skip":true},{"start":{"line":278,"column":20},"end":{"line":279,"column":40},"skip":true},{"start":{"line":280,"column":20},"end":{"line":281,"column":40},"skip":true},{"start":{"line":282,"column":20},"end":{"line":283,"column":39},"skip":true}]},"20":{"line":288,"type":"if","locations":[{"start":{"line":288,"column":8},"end":{"line":288,"column":8},"skip":true},{"start":{"line":288,"column":8},"end":{"line":288,"column":8},"skip":true}]},"21":{"line":288,"type":"binary-expr","locations":[{"start":{"line":288,"column":12},"end":{"line":288,"column":40},"skip":true},{"start":{"line":288,"column":44},"end":{"line":288,"column":67},"skip":true}]},"22":{"line":292,"type":"binary-expr","locations":[{"start":{"line":292,"column":12},"end":{"line":292,"column":50},"skip":true},{"start":{"line":293,"column":12},"end":{"line":293,"column":53},"skip":true}]},"23":{"line":297,"type":"binary-expr","locations":[{"start":{"line":297,"column":12},"end":{"line":297,"column":72},"skip":true},{"start":{"line":298,"column":12},"end":{"line":301,"column":36},"skip":true}]},"24":{"line":303,"type":"binary-expr","locations":[{"start":{"line":303,"column":43},"end":{"line":303,"column":75},"skip":true},{"start":{"line":303,"column":79},"end":{"line":303,"column":81},"skip":true}]},"25":{"line":306,"type":"if","locations":[{"start":{"line":306,"column":8},"end":{"line":306,"column":8},"skip":true},{"start":{"line":306,"column":8},"end":{"line":306,"column":8},"skip":true}]},"26":{"line":310,"type":"if","locations":[{"start":{"line":310,"column":8},"end":{"line":310,"column":8},"skip":true},{"start":{"line":310,"column":8},"end":{"line":310,"column":8},"skip":true}]},"27":{"line":313,"type":"binary-expr","locations":[{"start":{"line":313,"column":27},"end":{"line":313,"column":43},"skip":true},{"start":{"line":313,"column":47},"end":{"line":313,"column":53},"skip":true}]},"28":{"line":317,"type":"if","locations":[{"start":{"line":317,"column":12},"end":{"line":317,"column":12},"skip":true},{"start":{"line":317,"column":12},"end":{"line":317,"column":12},"skip":true}]}},"code":["/*","example.js","","quickstart example","","instruction","    1. save this script as example.js","    2. run the shell command:","        $ npm install npmtest-angular-crypto && PORT=8081 node example.js","    3. play with the browser-demo on http://127.0.0.1:8081","*/","","","","/* istanbul instrument in package npmtest_angular_crypto */","/*jslint","    bitwise: true,","    browser: true,","    maxerr: 8,","    maxlen: 96,","    node: true,","    nomen: true,","    regexp: true,","    stupid: true","*/","(function () {","    'use strict';","    var local;","","","","    // run shared js-env code - init-before","    (function () {","        // init local","        local = {};","        // init modeJs","        local.modeJs = (function () {","            try {","                return typeof navigator.userAgent === 'string' &&","                    typeof document.querySelector('body') === 'object' &&","                    typeof XMLHttpRequest.prototype.open === 'function' &&","                    'browser';","            } catch (errorCaughtBrowser) {","                return module.exports &&","                    typeof process.versions.node === 'string' &&","                    typeof require('http').createServer === 'function' &&","                    'node';","            }","        }());","        // init global","        local.global = local.modeJs === 'browser'","            ? window","            : global;","        // init utility2_rollup","        local = local.global.utility2_rollup || (local.modeJs === 'browser'","            ? local.global.utility2_npmtest_angular_crypto","            : global.utility2_moduleExports);","        // export local","        local.global.local = local;","    }());","    switch (local.modeJs) {","","","","    // init-after","    // run browser js-env code - init-after","    /* istanbul ignore next */","    case 'browser':","        local.testRunBrowser = function (event) {","            if (!event || (event &&","                    event.currentTarget &&","                    event.currentTarget.className &&","                    event.currentTarget.className.includes &&","                    event.currentTarget.className.includes('onreset'))) {","                // reset output","                Array.from(","                    document.querySelectorAll('body > .resettable')","                ).forEach(function (element) {","                    switch (element.tagName) {","                    case 'INPUT':","                    case 'TEXTAREA':","                        element.value = '';","                        break;","                    default:","                        element.textContent = '';","                    }","                });","            }","            switch (event && event.currentTarget && event.currentTarget.id) {","            case 'testRunButton1':","                // show tests","                if (document.querySelector('#testReportDiv1').style.display === 'none') {","                    document.querySelector('#testReportDiv1').style.display = 'block';","                    document.querySelector('#testRunButton1').textContent =","                        'hide internal test';","                    local.modeTest = true;","                    local.testRunDefault(local);","                // hide tests","                } else {","                    document.querySelector('#testReportDiv1').style.display = 'none';","                    document.querySelector('#testRunButton1').textContent = 'run internal test';","                }","                break;","            // custom-case","            default:","                break;","            }","            if (document.querySelector('#inputTextareaEval1') && (!event || (event &&","                    event.currentTarget &&","                    event.currentTarget.className &&","                    event.currentTarget.className.includes &&","                    event.currentTarget.className.includes('oneval')))) {","                // try to eval input-code","                try {","                    /*jslint evil: true*/","                    eval(document.querySelector('#inputTextareaEval1').value);","                } catch (errorCaught) {","                    console.error(errorCaught);","                }","            }","        };","        // log stderr and stdout to #outputTextareaStdout1","        ['error', 'log'].forEach(function (key) {","            console[key + '_original'] = console[key];","            console[key] = function () {","                var element;","                console[key + '_original'].apply(console, arguments);","                element = document.querySelector('#outputTextareaStdout1');","                if (!element) {","                    return;","                }","                // append text to #outputTextareaStdout1","                element.value += Array.from(arguments).map(function (arg) {","                    return typeof arg === 'string'","                        ? arg","                        : JSON.stringify(arg, null, 4);","                }).join(' ') + '\\n';","                // scroll textarea to bottom","                element.scrollTop = element.scrollHeight;","            };","        });","        // init event-handling","        ['change', 'click', 'keyup'].forEach(function (event) {","            Array.from(document.querySelectorAll('.on' + event)).forEach(function (element) {","                element.addEventListener(event, local.testRunBrowser);","            });","        });","        // run tests","        local.testRunBrowser();","        break;","","","","    // run node js-env code - init-after","    /* istanbul ignore next */","    case 'node':","        // export local","        module.exports = local;","        // require modules","        local.fs = require('fs');","        local.http = require('http');","        local.url = require('url');","        // init assets","        local.assetsDict = local.assetsDict || {};","        /* jslint-ignore-begin */","        local.assetsDict['/assets.index.template.html'] = '\\","<!doctype html>\\n\\","<html lang=\"en\">\\n\\","<head>\\n\\","<meta charset=\"UTF-8\">\\n\\","<meta name=\"viewport\" content=\"width=device-width, initial-scale=1\">\\n\\","<title>{{env.npm_package_name}} (v{{env.npm_package_version}})</title>\\n\\","<style>\\n\\","/*csslint\\n\\","    box-sizing: false,\\n\\","    universal-selector: false\\n\\","*/\\n\\","* {\\n\\","    box-sizing: border-box;\\n\\","}\\n\\","body {\\n\\","    background: #dde;\\n\\","    font-family: Arial, Helvetica, sans-serif;\\n\\","    margin: 2rem;\\n\\","}\\n\\","body > * {\\n\\","    margin-bottom: 1rem;\\n\\","}\\n\\",".utility2FooterDiv {\\n\\","    margin-top: 20px;\\n\\","    text-align: center;\\n\\","}\\n\\","</style>\\n\\","<style>\\n\\","/*csslint\\n\\","*/\\n\\","textarea {\\n\\","    font-family: monospace;\\n\\","    height: 10rem;\\n\\","    width: 100%;\\n\\","}\\n\\","textarea[readonly] {\\n\\","    background: #ddd;\\n\\","}\\n\\","</style>\\n\\","</head>\\n\\","<body>\\n\\","<!-- utility2-comment\\n\\","<div id=\"ajaxProgressDiv1\" style=\"background: #d00; height: 2px; left: 0; margin: 0; padding: 0; position: fixed; top: 0; transition: background 0.5s, width 1.5s; width: 25%;\"></div>\\n\\","utility2-comment -->\\n\\","<h1>\\n\\","<!-- utility2-comment\\n\\","    <a\\n\\","        {{#if env.npm_package_homepage}}\\n\\","        href=\"{{env.npm_package_homepage}}\"\\n\\","        {{/if env.npm_package_homepage}}\\n\\","        target=\"_blank\"\\n\\","    >\\n\\","utility2-comment -->\\n\\","        {{env.npm_package_name}} (v{{env.npm_package_version}})\\n\\","<!-- utility2-comment\\n\\","    </a>\\n\\","utility2-comment -->\\n\\","</h1>\\n\\","<h3>{{env.npm_package_description}}</h3>\\n\\","<!-- utility2-comment\\n\\","<h4><a download href=\"assets.app.js\">download standalone app</a></h4>\\n\\","<button class=\"onclick onreset\" id=\"testRunButton1\">run internal test</button><br>\\n\\","<div id=\"testReportDiv1\" style=\"display: none;\"></div>\\n\\","utility2-comment -->\\n\\","\\n\\","\\n\\","\\n\\","<label>stderr and stdout</label>\\n\\","<textarea class=\"resettable\" id=\"outputTextareaStdout1\" readonly></textarea>\\n\\","<!-- utility2-comment\\n\\","{{#if isRollup}}\\n\\","<script src=\"assets.app.js\"></script>\\n\\","{{#unless isRollup}}\\n\\","utility2-comment -->\\n\\","<script src=\"assets.utility2.rollup.js\"></script>\\n\\","<script src=\"jsonp.utility2._stateInit?callback=window.utility2._stateInit\"></script>\\n\\","<script src=\"assets.npmtest_angular_crypto.rollup.js\"></script>\\n\\","<script src=\"assets.example.js\"></script>\\n\\","<script src=\"assets.test.js\"></script>\\n\\","<!-- utility2-comment\\n\\","{{/if isRollup}}\\n\\","utility2-comment -->\\n\\","<div class=\"utility2FooterDiv\">\\n\\","    [ this app was created with\\n\\","    <a href=\"https://github.com/kaizhu256/node-utility2\" target=\"_blank\">utility2</a>\\n\\","    ]\\n\\","</div>\\n\\","</body>\\n\\","</html>\\n\\","';","        /* jslint-ignore-end */","        if (local.templateRender) {","            local.assetsDict['/'] = local.templateRender(","                local.assetsDict['/assets.index.template.html'],","                {","                    env: local.objectSetDefault(local.env, {","                        npm_package_description: 'the greatest app in the world!',","                        npm_package_name: 'my-app',","                        npm_package_nameAlias: 'my_app',","                        npm_package_version: '0.0.1'","                    })","                }","            );","        } else {","            local.assetsDict['/'] = local.assetsDict['/assets.index.template.html']","                .replace((/\\{\\{env\\.(\\w+?)\\}\\}/g), function (match0, match1) {","                    // jslint-hack","                    String(match0);","                    switch (match1) {","                    case 'npm_package_description':","                        return 'the greatest app in the world!';","                    case 'npm_package_name':","                        return 'my-app';","                    case 'npm_package_nameAlias':","                        return 'my_app';","                    case 'npm_package_version':","                        return '0.0.1';","                    }","                });","        }","        // run the cli","        if (local.global.utility2_rollup || module !== require.main) {","            break;","        }","        local.assetsDict['/assets.example.js'] =","            local.assetsDict['/assets.example.js'] ||","            local.fs.readFileSync(__filename, 'utf8');","        // bug-workaround - long $npm_package_buildCustomOrg","        /* jslint-ignore-begin */","        local.assetsDict['/assets.npmtest_angular_crypto.rollup.js'] =","            local.assetsDict['/assets.npmtest_angular_crypto.rollup.js'] ||","            local.fs.readFileSync(","                local.npmtest_angular_crypto.__dirname + '/lib.npmtest_angular_crypto.js',","                'utf8'","            ).replace((/^#!/), '//');","        /* jslint-ignore-end */","        local.assetsDict['/favicon.ico'] = local.assetsDict['/favicon.ico'] || '';","        // if $npm_config_timeout_exit exists,","        // then exit this process after $npm_config_timeout_exit ms","        if (Number(process.env.npm_config_timeout_exit)) {","            setTimeout(process.exit, Number(process.env.npm_config_timeout_exit));","        }","        // start server","        if (local.global.utility2_serverHttp1) {","            break;","        }","        process.env.PORT = process.env.PORT || '8081';","        console.error('server starting on port ' + process.env.PORT);","        local.http.createServer(function (request, response) {","            request.urlParsed = local.url.parse(request.url);","            if (local.assetsDict[request.urlParsed.pathname] !== undefined) {","                response.end(local.assetsDict[request.urlParsed.pathname]);","                return;","            }","            response.statusCode = 404;","            response.end();","        }).listen(process.env.PORT);","        break;","    }","}());",""],"l":{"26":2,"28":2,"33":2,"35":2,"37":2,"38":2,"39":2,"44":1,"51":2,"55":2,"59":2,"61":2,"69":1,"70":2,"76":2,"79":2,"82":2,"83":2,"85":1,"89":2,"92":1,"93":1,"94":1,"96":1,"97":1,"100":1,"101":1,"103":1,"106":1,"108":2,"114":1,"116":1,"118":1,"123":1,"124":2,"125":2,"126":3,"127":3,"128":3,"129":3,"130":1,"133":3,"134":3,"139":3,"143":1,"144":3,"145":1,"149":1,"150":1,"158":1,"160":1,"161":1,"162":1,"164":1,"166":1,"258":1,"259":1,"271":1,"274":6,"275":6,"277":1,"279":2,"281":1,"283":2,"288":1,"289":1,"291":1,"296":1,"303":1,"306":1,"307":1,"310":1,"311":1,"313":1,"314":1,"315":1,"316":1,"317":1,"318":1,"319":1,"321":1,"322":1,"324":1}},"/home/travis/build/npmtest/node-npmtest-angular-crypto/node_modules/angular-crypto/angular-crypto.js":{"path":"/home/travis/build/npmtest/node-npmtest-angular-crypto/node_modules/angular-crypto/angular-crypto.js","s":{"1":2,"2":2,"3":0,"4":0,"5":0,"6":0,"7":0,"8":0,"9":0,"10":0,"11":0,"12":0,"13":0,"14":0,"15":0,"16":0,"17":0,"18":0,"19":0,"20":0,"21":0,"22":0,"23":0,"24":0,"25":0,"26":0,"27":0,"28":0,"29":0,"30":0,"31":0,"32":0,"33":0,"34":0,"35":0,"36":0,"37":0,"38":0,"39":0,"40":0,"41":0,"42":0,"43":0,"44":0,"45":0,"46":0,"47":0,"48":0,"49":0,"50":0,"51":0,"52":0,"53":0,"54":0,"55":0,"56":0,"57":0,"58":0,"59":0,"60":0,"61":0,"62":0,"63":0,"64":0,"65":0,"66":0,"67":0,"68":0,"69":0,"70":0,"71":0,"72":0,"73":0,"74":0,"75":0,"76":0,"77":0,"78":0,"79":0,"80":0,"81":0,"82":0,"83":0,"84":0,"85":0,"86":0,"87":0,"88":0,"89":0,"90":0,"91":0,"92":0,"93":0,"94":0,"95":0,"96":0,"97":0,"98":0,"99":0,"100":0,"101":0,"102":0,"103":0,"104":0,"105":0,"106":0,"107":0,"108":0,"109":0,"110":0,"111":0,"112":0,"113":0,"114":0,"115":0,"116":0,"117":0,"118":0,"119":0,"120":0,"121":0,"122":0,"123":0,"124":0,"125":0,"126":0,"127":0,"128":0,"129":0,"130":0,"131":0,"132":0,"133":0,"134":0,"135":0,"136":0,"137":0,"138":0,"139":0,"140":0,"141":0,"142":0,"143":0,"144":0,"145":0,"146":0,"147":0,"148":0,"149":0,"150":0,"151":0,"152":0,"153":0,"154":0,"155":0,"156":0,"157":0,"158":0,"159":0,"160":0,"161":0,"162":0,"163":0,"164":0,"165":0,"166":0,"167":0,"168":0,"169":0,"170":0,"171":0,"172":0,"173":0,"174":0,"175":0,"176":0,"177":0,"178":0,"179":0,"180":0,"181":0,"182":0,"183":0,"184":0,"185":0,"186":0,"187":0,"188":0,"189":0,"190":0,"191":0,"192":0,"193":0,"194":0,"195":0,"196":0,"197":0,"198":0,"199":0,"200":0,"201":0,"202":0,"203":0,"204":0},"b":{"1":[0,0],"2":[0,0],"3":[0,0],"4":[0,0],"5":[0,0],"6":[0,0],"7":[0,0],"8":[0,0]},"f":{"1":2,"2":0,"3":0,"4":0,"5":0,"6":0,"7":0,"8":0,"9":0,"10":0,"11":0,"12":0,"13":0,"14":0,"15":0,"16":0,"17":0,"18":0},"fnMap":{"1":{"name":"(anonymous_1)","line":5,"loc":{"start":{"line":5,"column":1},"end":{"line":5,"column":44}}},"2":{"name":"(anonymous_2)","line":12,"loc":{"start":{"line":12,"column":62},"end":{"line":12,"column":80}}},"3":{"name":"(anonymous_3)","line":15,"loc":{"start":{"line":15,"column":20},"end":{"line":15,"column":36}}},"4":{"name":"(anonymous_4)","line":39,"loc":{"start":{"line":39,"column":20},"end":{"line":39,"column":36}}},"5":{"name":"(anonymous_5)","line":72,"loc":{"start":{"line":72,"column":56},"end":{"line":72,"column":67}}},"6":{"name":"(anonymous_6)","line":74,"loc":{"start":{"line":74,"column":24},"end":{"line":74,"column":38}}},"7":{"name":"(anonymous_7)","line":76,"loc":{"start":{"line":76,"column":33},"end":{"line":76,"column":62}}},"8":{"name":"(anonymous_8)","line":79,"loc":{"start":{"line":79,"column":34},"end":{"line":79,"column":51}}},"9":{"name":"(anonymous_9)","line":99,"loc":{"start":{"line":99,"column":25},"end":{"line":99,"column":43}}},"10":{"name":"(anonymous_10)","line":102,"loc":{"start":{"line":102,"column":25},"end":{"line":102,"column":43}}},"11":{"name":"(anonymous_11)","line":105,"loc":{"start":{"line":105,"column":25},"end":{"line":105,"column":43}}},"12":{"name":"(anonymous_12)","line":108,"loc":{"start":{"line":108,"column":25},"end":{"line":108,"column":43}}},"13":{"name":"(anonymous_13)","line":111,"loc":{"start":{"line":111,"column":26},"end":{"line":111,"column":57}}},"14":{"name":"(anonymous_14)","line":115,"loc":{"start":{"line":115,"column":26},"end":{"line":115,"column":57}}},"15":{"name":"(anonymous_15)","line":119,"loc":{"start":{"line":119,"column":26},"end":{"line":119,"column":57}}},"16":{"name":"(anonymous_16)","line":123,"loc":{"start":{"line":123,"column":26},"end":{"line":123,"column":57}}},"17":{"name":"(anonymous_17)","line":127,"loc":{"start":{"line":127,"column":41},"end":{"line":127,"column":55}}},"18":{"name":"(anonymous_18)","line":149,"loc":{"start":{"line":149,"column":32},"end":{"line":149,"column":49}}}},"statementMap":{"1":{"start":{"line":5,"column":0},"end":{"line":248,"column":42}},"2":{"start":{"line":6,"column":4},"end":{"line":6,"column":88}},"3":{"start":{"line":7,"column":4},"end":{"line":7,"column":53}},"4":{"start":{"line":8,"column":4},"end":{"line":8,"column":59}},"5":{"start":{"line":9,"column":4},"end":{"line":9,"column":45}},"6":{"start":{"line":10,"column":4},"end":{"line":10,"column":48}},"7":{"start":{"line":11,"column":4},"end":{"line":11,"column":17}},"8":{"start":{"line":12,"column":4},"end":{"line":70,"column":7}},"9":{"start":{"line":13,"column":8},"end":{"line":13,"column":109}},"10":{"start":{"line":14,"column":8},"end":{"line":69,"column":10}},"11":{"start":{"line":16,"column":16},"end":{"line":16,"column":32}},"12":{"start":{"line":17,"column":16},"end":{"line":17,"column":42}},"13":{"start":{"line":18,"column":16},"end":{"line":18,"column":48}},"14":{"start":{"line":19,"column":16},"end":{"line":19,"column":26}},"15":{"start":{"line":20,"column":16},"end":{"line":36,"column":43}},"16":{"start":{"line":21,"column":20},"end":{"line":21,"column":49}},"17":{"start":{"line":22,"column":20},"end":{"line":22,"column":49}},"18":{"start":{"line":23,"column":20},"end":{"line":23,"column":49}},"19":{"start":{"line":24,"column":20},"end":{"line":24,"column":37}},"20":{"start":{"line":25,"column":20},"end":{"line":25,"column":55}},"21":{"start":{"line":26,"column":20},"end":{"line":26,"column":56}},"22":{"start":{"line":27,"column":20},"end":{"line":27,"column":37}},"23":{"start":{"line":28,"column":20},"end":{"line":32,"column":21}},"24":{"start":{"line":29,"column":24},"end":{"line":29,"column":41}},"25":{"start":{"line":30,"column":27},"end":{"line":32,"column":21}},"26":{"start":{"line":31,"column":24},"end":{"line":31,"column":34}},"27":{"start":{"line":33,"column":20},"end":{"line":33,"column":124}},"28":{"start":{"line":34,"column":20},"end":{"line":34,"column":44}},"29":{"start":{"line":35,"column":20},"end":{"line":35,"column":51}},"30":{"start":{"line":37,"column":16},"end":{"line":37,"column":30}},"31":{"start":{"line":40,"column":16},"end":{"line":40,"column":32}},"32":{"start":{"line":41,"column":16},"end":{"line":41,"column":42}},"33":{"start":{"line":42,"column":16},"end":{"line":42,"column":48}},"34":{"start":{"line":43,"column":16},"end":{"line":43,"column":26}},"35":{"start":{"line":44,"column":16},"end":{"line":44,"column":55}},"36":{"start":{"line":45,"column":16},"end":{"line":47,"column":17}},"37":{"start":{"line":46,"column":20},"end":{"line":46,"column":192}},"38":{"start":{"line":48,"column":16},"end":{"line":48,"column":65}},"39":{"start":{"line":49,"column":16},"end":{"line":66,"column":43}},"40":{"start":{"line":50,"column":20},"end":{"line":50,"column":61}},"41":{"start":{"line":51,"column":20},"end":{"line":51,"column":61}},"42":{"start":{"line":52,"column":20},"end":{"line":52,"column":61}},"43":{"start":{"line":53,"column":20},"end":{"line":53,"column":61}},"44":{"start":{"line":54,"column":20},"end":{"line":54,"column":49}},"45":{"start":{"line":55,"column":20},"end":{"line":55,"column":56}},"46":{"start":{"line":56,"column":20},"end":{"line":56,"column":50}},"47":{"start":{"line":57,"column":20},"end":{"line":57,"column":64}},"48":{"start":{"line":58,"column":20},"end":{"line":60,"column":21}},"49":{"start":{"line":59,"column":24},"end":{"line":59,"column":68}},"50":{"start":{"line":61,"column":20},"end":{"line":63,"column":21}},"51":{"start":{"line":62,"column":24},"end":{"line":62,"column":68}},"52":{"start":{"line":64,"column":20},"end":{"line":64,"column":44}},"53":{"start":{"line":65,"column":20},"end":{"line":65,"column":51}},"54":{"start":{"line":67,"column":16},"end":{"line":67,"column":30}},"55":{"start":{"line":71,"column":4},"end":{"line":71,"column":17}},"56":{"start":{"line":72,"column":4},"end":{"line":247,"column":7}},"57":{"start":{"line":73,"column":8},"end":{"line":242,"column":10}},"58":{"start":{"line":75,"column":16},"end":{"line":75,"column":23}},"59":{"start":{"line":76,"column":16},"end":{"line":78,"column":18}},"60":{"start":{"line":77,"column":20},"end":{"line":77,"column":77}},"61":{"start":{"line":79,"column":16},"end":{"line":98,"column":18}},"62":{"start":{"line":80,"column":20},"end":{"line":80,"column":52}},"63":{"start":{"line":81,"column":20},"end":{"line":81,"column":42}},"64":{"start":{"line":82,"column":20},"end":{"line":82,"column":42}},"65":{"start":{"line":83,"column":20},"end":{"line":83,"column":42}},"66":{"start":{"line":84,"column":20},"end":{"line":84,"column":42}},"67":{"start":{"line":85,"column":20},"end":{"line":85,"column":68}},"68":{"start":{"line":86,"column":20},"end":{"line":88,"column":21}},"69":{"start":{"line":87,"column":24},"end":{"line":87,"column":64}},"70":{"start":{"line":89,"column":20},"end":{"line":97,"column":21}},"71":{"start":{"line":90,"column":24},"end":{"line":94,"column":25}},"72":{"start":{"line":91,"column":28},"end":{"line":91,"column":68}},"73":{"start":{"line":93,"column":28},"end":{"line":93,"column":68}},"74":{"start":{"line":96,"column":24},"end":{"line":96,"column":51}},"75":{"start":{"line":99,"column":16},"end":{"line":101,"column":18}},"76":{"start":{"line":100,"column":20},"end":{"line":100,"column":42}},"77":{"start":{"line":102,"column":16},"end":{"line":104,"column":18}},"78":{"start":{"line":103,"column":20},"end":{"line":103,"column":42}},"79":{"start":{"line":105,"column":16},"end":{"line":107,"column":18}},"80":{"start":{"line":106,"column":20},"end":{"line":106,"column":37}},"81":{"start":{"line":108,"column":16},"end":{"line":110,"column":18}},"82":{"start":{"line":109,"column":20},"end":{"line":109,"column":40}},"83":{"start":{"line":111,"column":16},"end":{"line":114,"column":18}},"84":{"start":{"line":112,"column":20},"end":{"line":112,"column":85}},"85":{"start":{"line":113,"column":20},"end":{"line":113,"column":60}},"86":{"start":{"line":115,"column":16},"end":{"line":118,"column":18}},"87":{"start":{"line":116,"column":20},"end":{"line":116,"column":85}},"88":{"start":{"line":117,"column":20},"end":{"line":117,"column":60}},"89":{"start":{"line":119,"column":16},"end":{"line":122,"column":18}},"90":{"start":{"line":120,"column":20},"end":{"line":120,"column":85}},"91":{"start":{"line":121,"column":20},"end":{"line":121,"column":60}},"92":{"start":{"line":123,"column":16},"end":{"line":126,"column":18}},"93":{"start":{"line":124,"column":20},"end":{"line":124,"column":85}},"94":{"start":{"line":125,"column":20},"end":{"line":125,"column":60}},"95":{"start":{"line":127,"column":16},"end":{"line":148,"column":18}},"96":{"start":{"line":128,"column":20},"end":{"line":128,"column":35}},"97":{"start":{"line":129,"column":20},"end":{"line":129,"column":52}},"98":{"start":{"line":130,"column":20},"end":{"line":130,"column":66}},"99":{"start":{"line":131,"column":20},"end":{"line":131,"column":103}},"100":{"start":{"line":132,"column":20},"end":{"line":132,"column":73}},"101":{"start":{"line":133,"column":20},"end":{"line":133,"column":67}},"102":{"start":{"line":134,"column":20},"end":{"line":134,"column":42}},"103":{"start":{"line":135,"column":20},"end":{"line":135,"column":39}},"104":{"start":{"line":136,"column":20},"end":{"line":141,"column":21}},"105":{"start":{"line":137,"column":24},"end":{"line":137,"column":71}},"106":{"start":{"line":138,"column":24},"end":{"line":138,"column":59}},"107":{"start":{"line":139,"column":24},"end":{"line":139,"column":118}},"108":{"start":{"line":140,"column":24},"end":{"line":140,"column":37}},"109":{"start":{"line":142,"column":20},"end":{"line":142,"column":67}},"110":{"start":{"line":143,"column":20},"end":{"line":143,"column":55}},"111":{"start":{"line":144,"column":20},"end":{"line":144,"column":91}},"112":{"start":{"line":145,"column":20},"end":{"line":145,"column":73}},"113":{"start":{"line":146,"column":20},"end":{"line":146,"column":75}},"114":{"start":{"line":147,"column":20},"end":{"line":147,"column":38}},"115":{"start":{"line":149,"column":16},"end":{"line":157,"column":18}},"116":{"start":{"line":150,"column":20},"end":{"line":150,"column":85}},"117":{"start":{"line":151,"column":20},"end":{"line":155,"column":21}},"118":{"start":{"line":152,"column":24},"end":{"line":152,"column":60}},"119":{"start":{"line":153,"column":24},"end":{"line":153,"column":71}},"120":{"start":{"line":154,"column":24},"end":{"line":154,"column":120}},"121":{"start":{"line":156,"column":20},"end":{"line":156,"column":42}},"122":{"start":{"line":158,"column":16},"end":{"line":158,"column":213}},"123":{"start":{"line":159,"column":16},"end":{"line":159,"column":44}},"124":{"start":{"line":160,"column":16},"end":{"line":160,"column":31}},"125":{"start":{"line":161,"column":16},"end":{"line":161,"column":31}},"126":{"start":{"line":162,"column":16},"end":{"line":162,"column":31}},"127":{"start":{"line":163,"column":16},"end":{"line":163,"column":30}},"128":{"start":{"line":164,"column":16},"end":{"line":164,"column":30}},"129":{"start":{"line":165,"column":16},"end":{"line":238,"column":17}},"130":{"start":{"line":166,"column":20},"end":{"line":166,"column":27}},"131":{"start":{"line":167,"column":20},"end":{"line":167,"column":27}},"132":{"start":{"line":168,"column":20},"end":{"line":168,"column":27}},"133":{"start":{"line":169,"column":20},"end":{"line":169,"column":27}},"134":{"start":{"line":170,"column":20},"end":{"line":170,"column":67}},"135":{"start":{"line":171,"column":20},"end":{"line":171,"column":67}},"136":{"start":{"line":172,"column":20},"end":{"line":172,"column":66}},"137":{"start":{"line":173,"column":20},"end":{"line":173,"column":67}},"138":{"start":{"line":174,"column":20},"end":{"line":174,"column":67}},"139":{"start":{"line":175,"column":20},"end":{"line":175,"column":67}},"140":{"start":{"line":176,"column":20},"end":{"line":176,"column":67}},"141":{"start":{"line":177,"column":20},"end":{"line":177,"column":67}},"142":{"start":{"line":178,"column":20},"end":{"line":178,"column":67}},"143":{"start":{"line":179,"column":20},"end":{"line":179,"column":67}},"144":{"start":{"line":180,"column":20},"end":{"line":180,"column":68}},"145":{"start":{"line":181,"column":20},"end":{"line":181,"column":68}},"146":{"start":{"line":182,"column":20},"end":{"line":182,"column":68}},"147":{"start":{"line":183,"column":20},"end":{"line":183,"column":68}},"148":{"start":{"line":184,"column":20},"end":{"line":184,"column":68}},"149":{"start":{"line":185,"column":20},"end":{"line":185,"column":68}},"150":{"start":{"line":186,"column":20},"end":{"line":186,"column":67}},"151":{"start":{"line":187,"column":20},"end":{"line":187,"column":67}},"152":{"start":{"line":188,"column":20},"end":{"line":188,"column":67}},"153":{"start":{"line":189,"column":20},"end":{"line":189,"column":67}},"154":{"start":{"line":190,"column":20},"end":{"line":190,"column":67}},"155":{"start":{"line":191,"column":20},"end":{"line":191,"column":66}},"156":{"start":{"line":192,"column":20},"end":{"line":192,"column":68}},"157":{"start":{"line":193,"column":20},"end":{"line":193,"column":67}},"158":{"start":{"line":194,"column":20},"end":{"line":194,"column":66}},"159":{"start":{"line":195,"column":20},"end":{"line":195,"column":68}},"160":{"start":{"line":196,"column":20},"end":{"line":196,"column":67}},"161":{"start":{"line":197,"column":20},"end":{"line":197,"column":67}},"162":{"start":{"line":198,"column":20},"end":{"line":198,"column":68}},"163":{"start":{"line":199,"column":20},"end":{"line":199,"column":67}},"164":{"start":{"line":200,"column":20},"end":{"line":200,"column":67}},"165":{"start":{"line":201,"column":20},"end":{"line":201,"column":68}},"166":{"start":{"line":202,"column":20},"end":{"line":202,"column":67}},"167":{"start":{"line":203,"column":20},"end":{"line":203,"column":67}},"168":{"start":{"line":204,"column":20},"end":{"line":204,"column":68}},"169":{"start":{"line":205,"column":20},"end":{"line":205,"column":68}},"170":{"start":{"line":206,"column":20},"end":{"line":206,"column":67}},"171":{"start":{"line":207,"column":20},"end":{"line":207,"column":67}},"172":{"start":{"line":208,"column":20},"end":{"line":208,"column":67}},"173":{"start":{"line":209,"column":20},"end":{"line":209,"column":68}},"174":{"start":{"line":210,"column":20},"end":{"line":210,"column":67}},"175":{"start":{"line":211,"column":20},"end":{"line":211,"column":67}},"176":{"start":{"line":212,"column":20},"end":{"line":212,"column":67}},"177":{"start":{"line":213,"column":20},"end":{"line":213,"column":65}},"178":{"start":{"line":214,"column":20},"end":{"line":214,"column":67}},"179":{"start":{"line":215,"column":20},"end":{"line":215,"column":68}},"180":{"start":{"line":216,"column":20},"end":{"line":216,"column":67}},"181":{"start":{"line":217,"column":20},"end":{"line":217,"column":67}},"182":{"start":{"line":218,"column":20},"end":{"line":218,"column":67}},"183":{"start":{"line":219,"column":20},"end":{"line":219,"column":67}},"184":{"start":{"line":220,"column":20},"end":{"line":220,"column":68}},"185":{"start":{"line":221,"column":20},"end":{"line":221,"column":67}},"186":{"start":{"line":222,"column":20},"end":{"line":222,"column":68}},"187":{"start":{"line":223,"column":20},"end":{"line":223,"column":67}},"188":{"start":{"line":224,"column":20},"end":{"line":224,"column":68}},"189":{"start":{"line":225,"column":20},"end":{"line":225,"column":67}},"190":{"start":{"line":226,"column":20},"end":{"line":226,"column":67}},"191":{"start":{"line":227,"column":20},"end":{"line":227,"column":68}},"192":{"start":{"line":228,"column":20},"end":{"line":228,"column":67}},"193":{"start":{"line":229,"column":20},"end":{"line":229,"column":68}},"194":{"start":{"line":230,"column":20},"end":{"line":230,"column":67}},"195":{"start":{"line":231,"column":20},"end":{"line":231,"column":68}},"196":{"start":{"line":232,"column":20},"end":{"line":232,"column":66}},"197":{"start":{"line":233,"column":20},"end":{"line":233,"column":67}},"198":{"start":{"line":234,"column":20},"end":{"line":234,"column":43}},"199":{"start":{"line":235,"column":20},"end":{"line":235,"column":43}},"200":{"start":{"line":236,"column":20},"end":{"line":236,"column":43}},"201":{"start":{"line":237,"column":20},"end":{"line":237,"column":43}},"202":{"start":{"line":239,"column":16},"end":{"line":239,"column":85}},"203":{"start":{"line":240,"column":16},"end":{"line":240,"column":42}},"204":{"start":{"line":243,"column":8},"end":{"line":246,"column":10}}},"branchMap":{"1":{"line":28,"type":"if","locations":[{"start":{"line":28,"column":20},"end":{"line":28,"column":20}},{"start":{"line":28,"column":20},"end":{"line":28,"column":20}}]},"2":{"line":30,"type":"if","locations":[{"start":{"line":30,"column":27},"end":{"line":30,"column":27}},{"start":{"line":30,"column":27},"end":{"line":30,"column":27}}]},"3":{"line":45,"type":"if","locations":[{"start":{"line":45,"column":16},"end":{"line":45,"column":16}},{"start":{"line":45,"column":16},"end":{"line":45,"column":16}}]},"4":{"line":58,"type":"if","locations":[{"start":{"line":58,"column":20},"end":{"line":58,"column":20}},{"start":{"line":58,"column":20},"end":{"line":58,"column":20}}]},"5":{"line":61,"type":"if","locations":[{"start":{"line":61,"column":20},"end":{"line":61,"column":20}},{"start":{"line":61,"column":20},"end":{"line":61,"column":20}}]},"6":{"line":86,"type":"if","locations":[{"start":{"line":86,"column":20},"end":{"line":86,"column":20}},{"start":{"line":86,"column":20},"end":{"line":86,"column":20}}]},"7":{"line":89,"type":"if","locations":[{"start":{"line":89,"column":20},"end":{"line":89,"column":20}},{"start":{"line":89,"column":20},"end":{"line":89,"column":20}}]},"8":{"line":90,"type":"if","locations":[{"start":{"line":90,"column":24},"end":{"line":90,"column":24}},{"start":{"line":90,"column":24},"end":{"line":90,"column":24}}]}},"code":["/*","  Angular-Crypto - v0.0.1 ","  2014-01-04","*/","(function(window, angular, Math, undefined) {","    angular.module(\"gdi2290.crypto\", [ \"gdi2290.crypto-md5\", \"gdi2290.crypto-base64\" ]);","    angular.module(\"ngCrypto\", [ \"gdi2290.crypto\" ]);","    angular.module(\"angular-crypto\", [ \"gdi2290.crypto\" ]);","    angular.module(\"gdi2290.crypto-md5\", []);","    angular.module(\"gdi2290.crypto-base64\", []);","    \"use strict\";","    angular.module(\"gdi2290.crypto-base64\").factory(\"base64\", function($window) {","        var keyStr = \"ABCDEFGHIJKLMNOP\" + \"QRSTUVWXYZabcdef\" + \"ghijklmnopqrstuv\" + \"wxyz0123456789+/\" + \"=\";","        return {","            encode: function(input) {","                var output = \"\";","                var chr1, chr2, chr3 = \"\";","                var enc1, enc2, enc3, enc4 = \"\";","                var i = 0;","                do {","                    chr1 = input.charCodeAt(i++);","                    chr2 = input.charCodeAt(i++);","                    chr3 = input.charCodeAt(i++);","                    enc1 = chr1 >> 2;","                    enc2 = (chr1 & 3) << 4 | chr2 >> 4;","                    enc3 = (chr2 & 15) << 2 | chr3 >> 6;","                    enc4 = chr3 & 63;","                    if ($window.isNaN(chr2)) {","                        enc3 = enc4 = 64;","                    } else if ($window.isNaN(chr3)) {","                        enc4 = 64;","                    }","                    output = output + keyStr.charAt(enc1) + keyStr.charAt(enc2) + keyStr.charAt(enc3) + keyStr.charAt(enc4);","                    chr1 = chr2 = chr3 = \"\";","                    enc1 = enc2 = enc3 = enc4 = \"\";","                } while (i < input.length);","                return output;","            },","            decode: function(input) {","                var output = \"\";","                var chr1, chr2, chr3 = \"\";","                var enc1, enc2, enc3, enc4 = \"\";","                var i = 0;","                var base64test = /[^A-Za-z0-9\\+\\/\\=]/g;","                if (base64test.exec(input)) {","                    $window.alert(\"There were invalid base64 characters in the input text.\\n\" + \"Valid base64 characters are A-Z, a-z, 0-9, '+', '/',and '='\\n\" + \"Expect errors in decoding.\");","                }","                input = input.replace(/[^A-Za-z0-9\\+\\/\\=]/g, \"\");","                do {","                    enc1 = keyStr.indexOf(input.charAt(i++));","                    enc2 = keyStr.indexOf(input.charAt(i++));","                    enc3 = keyStr.indexOf(input.charAt(i++));","                    enc4 = keyStr.indexOf(input.charAt(i++));","                    chr1 = enc1 << 2 | enc2 >> 4;","                    chr2 = (enc2 & 15) << 4 | enc3 >> 2;","                    chr3 = (enc3 & 3) << 6 | enc4;","                    output = output + String.fromCharCode(chr1);","                    if (enc3 != 64) {","                        output = output + String.fromCharCode(chr2);","                    }","                    if (enc4 != 64) {","                        output = output + String.fromCharCode(chr3);","                    }","                    chr1 = chr2 = chr3 = \"\";","                    enc1 = enc2 = enc3 = enc4 = \"\";","                } while (i < input.length);","                return output;","            }","        };","    });","    \"use strict\";","    angular.module(\"gdi2290.crypto-md5\").factory(\"md5\", function() {","        var md5 = {","            createHash: function(str) {","                var xl;","                var rotateLeft = function(lValue, iShiftBits) {","                    return lValue << iShiftBits | lValue >>> 32 - iShiftBits;","                };","                var addUnsigned = function(lX, lY) {","                    var lX4, lY4, lX8, lY8, lResult;","                    lX8 = lX & 2147483648;","                    lY8 = lY & 2147483648;","                    lX4 = lX & 1073741824;","                    lY4 = lY & 1073741824;","                    lResult = (lX & 1073741823) + (lY & 1073741823);","                    if (lX4 & lY4) {","                        return lResult ^ 2147483648 ^ lX8 ^ lY8;","                    }","                    if (lX4 | lY4) {","                        if (lResult & 1073741824) {","                            return lResult ^ 3221225472 ^ lX8 ^ lY8;","                        } else {","                            return lResult ^ 1073741824 ^ lX8 ^ lY8;","                        }","                    } else {","                        return lResult ^ lX8 ^ lY8;","                    }","                };","                var _F = function(x, y, z) {","                    return x & y | ~x & z;","                };","                var _G = function(x, y, z) {","                    return x & z | y & ~z;","                };","                var _H = function(x, y, z) {","                    return x ^ y ^ z;","                };","                var _I = function(x, y, z) {","                    return y ^ (x | ~z);","                };","                var _FF = function(a, b, c, d, x, s, ac) {","                    a = addUnsigned(a, addUnsigned(addUnsigned(_F(b, c, d), x), ac));","                    return addUnsigned(rotateLeft(a, s), b);","                };","                var _GG = function(a, b, c, d, x, s, ac) {","                    a = addUnsigned(a, addUnsigned(addUnsigned(_G(b, c, d), x), ac));","                    return addUnsigned(rotateLeft(a, s), b);","                };","                var _HH = function(a, b, c, d, x, s, ac) {","                    a = addUnsigned(a, addUnsigned(addUnsigned(_H(b, c, d), x), ac));","                    return addUnsigned(rotateLeft(a, s), b);","                };","                var _II = function(a, b, c, d, x, s, ac) {","                    a = addUnsigned(a, addUnsigned(addUnsigned(_I(b, c, d), x), ac));","                    return addUnsigned(rotateLeft(a, s), b);","                };","                var convertToWordArray = function(str) {","                    var lWordCount;","                    var lMessageLength = str.length;","                    var lNumberOfWords_temp1 = lMessageLength + 8;","                    var lNumberOfWords_temp2 = (lNumberOfWords_temp1 - lNumberOfWords_temp1 % 64) / 64;","                    var lNumberOfWords = (lNumberOfWords_temp2 + 1) * 16;","                    var lWordArray = new Array(lNumberOfWords - 1);","                    var lBytePosition = 0;","                    var lByteCount = 0;","                    while (lByteCount < lMessageLength) {","                        lWordCount = (lByteCount - lByteCount % 4) / 4;","                        lBytePosition = lByteCount % 4 * 8;","                        lWordArray[lWordCount] = lWordArray[lWordCount] | str.charCodeAt(lByteCount) << lBytePosition;","                        lByteCount++;","                    }","                    lWordCount = (lByteCount - lByteCount % 4) / 4;","                    lBytePosition = lByteCount % 4 * 8;","                    lWordArray[lWordCount] = lWordArray[lWordCount] | 128 << lBytePosition;","                    lWordArray[lNumberOfWords - 2] = lMessageLength << 3;","                    lWordArray[lNumberOfWords - 1] = lMessageLength >>> 29;","                    return lWordArray;","                };","                var wordToHex = function(lValue) {","                    var wordToHexValue = \"\", wordToHexValue_temp = \"\", lByte, lCount;","                    for (lCount = 0; lCount <= 3; lCount++) {","                        lByte = lValue >>> lCount * 8 & 255;","                        wordToHexValue_temp = \"0\" + lByte.toString(16);","                        wordToHexValue = wordToHexValue + wordToHexValue_temp.substr(wordToHexValue_temp.length - 2, 2);","                    }","                    return wordToHexValue;","                };","                var x = [], k, AA, BB, CC, DD, a, b, c, d, S11 = 7, S12 = 12, S13 = 17, S14 = 22, S21 = 5, S22 = 9, S23 = 14, S24 = 20, S31 = 4, S32 = 11, S33 = 16, S34 = 23, S41 = 6, S42 = 10, S43 = 15, S44 = 21;","                x = convertToWordArray(str);","                a = 1732584193;","                b = 4023233417;","                c = 2562383102;","                d = 271733878;","                xl = x.length;","                for (k = 0; k < xl; k += 16) {","                    AA = a;","                    BB = b;","                    CC = c;","                    DD = d;","                    a = _FF(a, b, c, d, x[k + 0], S11, 3614090360);","                    d = _FF(d, a, b, c, x[k + 1], S12, 3905402710);","                    c = _FF(c, d, a, b, x[k + 2], S13, 606105819);","                    b = _FF(b, c, d, a, x[k + 3], S14, 3250441966);","                    a = _FF(a, b, c, d, x[k + 4], S11, 4118548399);","                    d = _FF(d, a, b, c, x[k + 5], S12, 1200080426);","                    c = _FF(c, d, a, b, x[k + 6], S13, 2821735955);","                    b = _FF(b, c, d, a, x[k + 7], S14, 4249261313);","                    a = _FF(a, b, c, d, x[k + 8], S11, 1770035416);","                    d = _FF(d, a, b, c, x[k + 9], S12, 2336552879);","                    c = _FF(c, d, a, b, x[k + 10], S13, 4294925233);","                    b = _FF(b, c, d, a, x[k + 11], S14, 2304563134);","                    a = _FF(a, b, c, d, x[k + 12], S11, 1804603682);","                    d = _FF(d, a, b, c, x[k + 13], S12, 4254626195);","                    c = _FF(c, d, a, b, x[k + 14], S13, 2792965006);","                    b = _FF(b, c, d, a, x[k + 15], S14, 1236535329);","                    a = _GG(a, b, c, d, x[k + 1], S21, 4129170786);","                    d = _GG(d, a, b, c, x[k + 6], S22, 3225465664);","                    c = _GG(c, d, a, b, x[k + 11], S23, 643717713);","                    b = _GG(b, c, d, a, x[k + 0], S24, 3921069994);","                    a = _GG(a, b, c, d, x[k + 5], S21, 359340
[...]
20},"end":{"line":93,"column":38}}}},"statementMap":{"1":{"start":{"line":3,"column":0},"end":{"line":217,"column":3}},"2":{"start":{"line":6,"column":2},"end":{"line":211,"column":4}},"3":{"start":{"line":10,"column":4},"end":{"line":10,"column":11}},"4":{"start":{"line":12,"column":4},"end":{"line":14,"column":6}},"5":{"start":{"line":13,"column":5},"end":{"line":13,"column":68}},"6":{"start":{"line":16,"column":4},"end":{"line":35,"column":6}},"7":{"start":{"line":17,"column":5},"end":{"line":17,"column":37}},"8":{"start":{"line":18,"column":5},"end":{"line":18,"column":29}},"9":{"start":{"line":19,"column":5},"end":{"line":19,"column":29}},"10":{"start":{"line":20,"column":5},"end":{"line":20,"column":29}},"11":{"start":{"line":21,"column":5},"end":{"line":21,"column":29}},"12":{"start":{"line":22,"column":5},"end":{"line":22,"column":53}},"13":{"start":{"line":23,"column":5},"end":{"line":25,"column":6}},"14":{"start":{"line":24,"column":6},"end":{"line":24,"column":48}},"15":{"start":{"line":26,"column":5},"end":{"line":34,"column":6}},"16":{"start":{"line":27,"column":6},"end":{"line":31,"column":7}},"17":{"start":{"line":28,"column":7},"end":{"line":28,"column":49}},"18":{"start":{"line":30,"column":7},"end":{"line":30,"column":49}},"19":{"start":{"line":33,"column":6},"end":{"line":33,"column":35}},"20":{"start":{"line":37,"column":4},"end":{"line":39,"column":6}},"21":{"start":{"line":38,"column":5},"end":{"line":38,"column":33}},"22":{"start":{"line":40,"column":4},"end":{"line":42,"column":6}},"23":{"start":{"line":41,"column":5},"end":{"line":41,"column":33}},"24":{"start":{"line":43,"column":4},"end":{"line":45,"column":6}},"25":{"start":{"line":44,"column":5},"end":{"line":44,"column":24}},"26":{"start":{"line":46,"column":4},"end":{"line":48,"column":6}},"27":{"start":{"line":47,"column":5},"end":{"line":47,"column":29}},"28":{"start":{"line":50,"column":4},"end":{"line":53,"column":6}},"29":{"start":{"line":51,"column":5},"end":{"line":51,"column":70}},"30":{"start":{"line":52,"column":5},"end":{"line":52,"column":45}},"31":{"start":{"line":55,"column":4},"end":{"line":58,"column":6}},"32":{"start":{"line":56,"column":5},"end":{"line":56,"column":70}},"33":{"start":{"line":57,"column":5},"end":{"line":57,"column":45}},"34":{"start":{"line":60,"column":4},"end":{"line":63,"column":6}},"35":{"start":{"line":61,"column":5},"end":{"line":61,"column":70}},"36":{"start":{"line":62,"column":5},"end":{"line":62,"column":45}},"37":{"start":{"line":65,"column":4},"end":{"line":68,"column":6}},"38":{"start":{"line":66,"column":5},"end":{"line":66,"column":70}},"39":{"start":{"line":67,"column":5},"end":{"line":67,"column":45}},"40":{"start":{"line":70,"column":4},"end":{"line":91,"column":6}},"41":{"start":{"line":71,"column":5},"end":{"line":71,"column":20}},"42":{"start":{"line":72,"column":5},"end":{"line":72,"column":37}},"43":{"start":{"line":73,"column":5},"end":{"line":73,"column":51}},"44":{"start":{"line":74,"column":5},"end":{"line":74,"column":90}},"45":{"start":{"line":75,"column":5},"end":{"line":75,"column":58}},"46":{"start":{"line":76,"column":5},"end":{"line":76,"column":52}},"47":{"start":{"line":77,"column":5},"end":{"line":77,"column":27}},"48":{"start":{"line":78,"column":5},"end":{"line":78,"column":24}},"49":{"start":{"line":79,"column":5},"end":{"line":84,"column":6}},"50":{"start":{"line":80,"column":6},"end":{"line":80,"column":55}},"51":{"start":{"line":81,"column":6},"end":{"line":81,"column":43}},"52":{"start":{"line":82,"column":6},"end":{"line":82,"column":104}},"53":{"start":{"line":83,"column":6},"end":{"line":83,"column":19}},"54":{"start":{"line":85,"column":5},"end":{"line":85,"column":54}},"55":{"start":{"line":86,"column":5},"end":{"line":86,"column":42}},"56":{"start":{"line":87,"column":5},"end":{"line":87,"column":79}},"57":{"start":{"line":88,"column":5},"end":{"line":88,"column":58}},"58":{"start":{"line":89,"column":5},"end":{"line":89,"column":60}},"59":{"start":{"line":90,"column":5},"end":{"line":90,"column":23}},"60":{"start":{"line":93,"column":4},"end":{"line":103,"column":6}},"61":{"start":{"line":94,"column":5},"end":{"line":96,"column":20}},"62":{"start":{"line":97,"column":5},"end":{"line":101,"column":6}},"63":{"start":{"line":98,"column":6},"end":{"line":98,"column":46}},"64":{"start":{"line":99,"column":6},"end":{"line":99,"column":53}},"65":{"start":{"line":100,"column":6},"end":{"line":100,"column":102}},"66":{"start":{"line":102,"column":5},"end":{"line":102,"column":27}},"67":{"start":{"line":105,"column":4},"end":{"line":121,"column":14}},"68":{"start":{"line":124,"column":4},"end":{"line":124,"column":32}},"69":{"start":{"line":125,"column":4},"end":{"line":125,"column":19}},"70":{"start":{"line":126,"column":4},"end":{"line":126,"column":19}},"71":{"start":{"line":127,"column":4},"end":{"line":127,"column":19}},"72":{"start":{"line":128,"column":4},"end":{"line":128,"column":19}},"73":{"start":{"line":130,"column":4},"end":{"line":130,"column":18}},"74":{"start":{"line":131,"column":4},"end":{"line":204,"column":5}},"75":{"start":{"line":132,"column":5},"end":{"line":132,"column":12}},"76":{"start":{"line":133,"column":5},"end":{"line":133,"column":12}},"77":{"start":{"line":134,"column":5},"end":{"line":134,"column":12}},"78":{"start":{"line":135,"column":5},"end":{"line":135,"column":12}},"79":{"start":{"line":136,"column":5},"end":{"line":136,"column":52}},"80":{"start":{"line":137,"column":5},"end":{"line":137,"column":52}},"81":{"start":{"line":138,"column":5},"end":{"line":138,"column":52}},"82":{"start":{"line":139,"column":5},"end":{"line":139,"column":52}},"83":{"start":{"line":140,"column":5},"end":{"line":140,"column":52}},"84":{"start":{"line":141,"column":5},"end":{"line":141,"column":52}},"85":{"start":{"line":142,"column":5},"end":{"line":142,"column":52}},"86":{"start":{"line":143,"column":5},"end":{"line":143,"column":52}},"87":{"start":{"line":144,"column":5},"end":{"line":144,"column":52}},"88":{"start":{"line":145,"column":5},"end":{"line":145,"column":52}},"89":{"start":{"line":146,"column":5},"end":{"line":146,"column":53}},"90":{"start":{"line":147,"column":5},"end":{"line":147,"column":53}},"91":{"start":{"line":148,"column":5},"end":{"line":148,"column":53}},"92":{"start":{"line":149,"column":5},"end":{"line":149,"column":53}},"93":{"start":{"line":150,"column":5},"end":{"line":150,"column":53}},"94":{"start":{"line":151,"column":5},"end":{"line":151,"column":53}},"95":{"start":{"line":152,"column":5},"end":{"line":152,"column":52}},"96":{"start":{"line":153,"column":5},"end":{"line":153,"column":52}},"97":{"start":{"line":154,"column":5},"end":{"line":154,"column":53}},"98":{"start":{"line":155,"column":5},"end":{"line":155,"column":52}},"99":{"start":{"line":156,"column":5},"end":{"line":156,"column":52}},"100":{"start":{"line":157,"column":5},"end":{"line":157,"column":52}},"101":{"start":{"line":158,"column":5},"end":{"line":158,"column":53}},"102":{"start":{"line":159,"column":5},"end":{"line":159,"column":52}},"103":{"start":{"line":160,"column":5},"end":{"line":160,"column":52}},"104":{"start":{"line":161,"column":5},"end":{"line":161,"column":53}},"105":{"start":{"line":162,"column":5},"end":{"line":162,"column":52}},"106":{"start":{"line":163,"column":5},"end":{"line":163,"column":52}},"107":{"start":{"line":164,"column":5},"end":{"line":164,"column":53}},"108":{"start":{"line":165,"column":5},"end":{"line":165,"column":52}},"109":{"start":{"line":166,"column":5},"end":{"line":166,"column":52}},"110":{"start":{"line":167,"column":5},"end":{"line":167,"column":53}},"111":{"start":{"line":168,"column":5},"end":{"line":168,"column":52}},"112":{"start":{"line":169,"column":5},"end":{"line":169,"column":52}},"113":{"start":{"line":170,"column":5},"end":{"line":170,"column":53}},"114":{"start":{"line":171,"column":5},"end":{"line":171,"column":53}},"115":{"start":{"line":172,"column":5},"end":{"line":172,"column":52}},"116":{"start":{"line":173,"column":5},"end":{"line":173,"column":52}},"117":{"start":{"line":174,"column":5},"end":{"line":174,"column":52}},"118":{"start":{"line":175,"column":5},"end":{"line":175,"column":53}},"119":{"start":{"line":176,"column":5},"end":{"line":176,"column":53}},"120":{"start":{"line":177,"column":5},"end":{"line":177,"column":52}},"121":{"start":{"line":178,"column":5},"end":{"line":178,"column":52}},"122":{"start":{"line":179,"column":5},"end":{"line":179,"column":51}},"123":{"start":{"line":180,"column":5},"end":{"line":180,"column":52}},"124":{"start":{"line":181,"column":5},"end":{"line":181,"column":53}},"125":{"start":{"line":182,"column":5},"end":{"line":182,"column":53}},"126":{"start":{"line":183,"column":5},"end":{"line":183,"column":52}},"127":{"start":{"line":184,"column":5},"end":{"line":184,"column":52}},"128":{"start":{"line":185,"column":5},"end":{"line":185,"column":52}},"129":{"start":{"line":186,"column":5},"end":{"line":186,"column":53}},"130":{"start":{"line":187,"column":5},"end":{"line":187,"column":52}},"131":{"start":{"line":188,"column":5},"end":{"line":188,"column":53}},"132":{"start":{"line":189,"column":5},"end":{"line":189,"column":52}},"133":{"start":{"line":190,"column":5},"end":{"line":190,"column":53}},"134":{"start":{"line":191,"column":5},"end":{"line":191,"column":52}},"135":{"start":{"line":192,"column":5},"end":{"line":192,"column":52}},"136":{"start":{"line":193,"column":5},"end":{"line":193,"column":53}},"137":{"start":{"line":194,"column":5},"end":{"line":194,"column":52}},"138":{"start":{"line":195,"column":5},"end":{"line":195,"column":53}},"139":{"start":{"line":196,"column":5},"end":{"line":196,"column":52}},"140":{"start":{"line":197,"column":5},"end":{"line":197,"column":53}},"141":{"start":{"line":198,"column":5},"end":{"line":198,"column":52}},"142":{"start":{"line":199,"column":5},"end":{"line":199,"column":52}},"143":{"start":{"line":200,"column":5},"end":{"line":200,"column":28}},"144":{"start":{"line":201,"column":5},"end":{"line":201,"column":28}},"145":{"start":{"line":202,"column":5},"end":{"line":202,"column":28}},"146":{"start":{"line":203,"column":5},"end":{"line":203,"column":28}},"147":{"start":{"line":206,"column":4},"end":{"line":206,"column":73}},"148":{"start":{"line":208,"column":4},"end":{"line":208,"column":30}},"149":{"start":{"line":213,"column":2},"end":{"line":216,"column":4}}},"branchMap":{"1":{"line":23,"type":"if","locations":[{"start":{"line":23,"column":5},"end":{"line":23,"column":5}},{"start":{"line":23,"column":5},"end":{"line":23,"column":5}}]},"2":{"line":26,"type":"if","locations":[{"start":{"line":26,"column":5},"end":{"line":26,"column":5}},{"start":{"line":26,"column":5},"end":{"line":26,"column":5}}]},"3":{"line":27,"type":"if","locations":[{"start":{"line":27,"column":6},"end":{"line":27,"column":6}},{"start":{"line":27,"column":6},"end":{"line":27,"column":6}}]}},"code":["'use strict';","","angular.module('gdi2290.crypto-md5')",".factory('md5', function() {","","  var md5 = {","","   createHash: function(str) {","","    var xl;","","    var rotateLeft = function (lValue, iShiftBits) {","     return (lValue << iShiftBits) | (lValue >>> (32 - iShiftBits));","    };","","    var addUnsigned = function (lX, lY) {","     var lX4, lY4, lX8, lY8, lResult;","     lX8 = (lX & 0x80000000);","     lY8 = (lY & 0x80000000);","     lX4 = (lX & 0x40000000);","     lY4 = (lY & 0x40000000);","     lResult = (lX & 0x3FFFFFFF) + (lY & 0x3FFFFFFF);","     if (lX4 & lY4) {","      return (lResult ^ 0x80000000 ^ lX8 ^ lY8);","     }","     if (lX4 | lY4) {","      if (lResult & 0x40000000) {","       return (lResult ^ 0xC0000000 ^ lX8 ^ lY8);","      } else {","       return (lResult ^ 0x40000000 ^ lX8 ^ lY8);","      }","     } else {","      return (lResult ^ lX8 ^ lY8);","     }","    };","","    var _F = function (x, y, z) {","     return (x & y) | ((~x) & z);","    };","    var _G = function (x, y, z) {","     return (x & z) | (y & (~z));","    };","    var _H = function (x, y, z) {","     return (x ^ y ^ z);","    };","    var _I = function (x, y, z) {","     return (y ^ (x | (~z)));","    };","","    var _FF = function (a, b, c, d, x, s, ac) {","     a = addUnsigned(a, addUnsigned(addUnsigned(_F(b, c, d), x), ac));","     return addUnsigned(rotateLeft(a, s), b);","    };","","    var _GG = function (a, b, c, d, x, s, ac) {","     a = addUnsigned(a, addUnsigned(addUnsigned(_G(b, c, d), x), ac));","     return addUnsigned(rotateLeft(a, s), b);","    };","","    var _HH = function (a, b, c, d, x, s, ac) {","     a = addUnsigned(a, addUnsigned(addUnsigned(_H(b, c, d), x), ac));","     return addUnsigned(rotateLeft(a, s), b);","    };","","    var _II = function (a, b, c, d, x, s, ac) {","     a = addUnsigned(a, addUnsigned(addUnsigned(_I(b, c, d), x), ac));","     return addUnsigned(rotateLeft(a, s), b);","    };","","    var convertToWordArray = function (str) {","     var lWordCount;","     var lMessageLength = str.length;","     var lNumberOfWords_temp1 = lMessageLength + 8;","     var lNumberOfWords_temp2 = (lNumberOfWords_temp1 - (lNumberOfWords_temp1 % 64)) / 64;","     var lNumberOfWords = (lNumberOfWords_temp2 + 1) * 16;","     var lWordArray = new Array(lNumberOfWords - 1);","     var lBytePosition = 0;","     var lByteCount = 0;","     while (lByteCount < lMessageLength) {","      lWordCount = (lByteCount - (lByteCount % 4)) / 4;","      lBytePosition = (lByteCount % 4) * 8;","      lWordArray[lWordCount] = (lWordArray[lWordCount] | (str.charCodeAt(lByteCount) << lBytePosition));","      lByteCount++;","     }","     lWordCount = (lByteCount - (lByteCount % 4)) / 4;","     lBytePosition = (lByteCount % 4) * 8;","     lWordArray[lWordCount] = lWordArray[lWordCount] | (0x80 << lBytePosition);","     lWordArray[lNumberOfWords - 2] = lMessageLength << 3;","     lWordArray[lNumberOfWords - 1] = lMessageLength >>> 29;","     return lWordArray;","    };","","    var wordToHex = function (lValue) {","     var wordToHexValue = '',","      wordToHexValue_temp = '',","      lByte, lCount;","     for (lCount = 0; lCount <= 3; lCount++) {","      lByte = (lValue >>> (lCount * 8)) & 255;","      wordToHexValue_temp = '0' + lByte.toString(16);","      wordToHexValue = wordToHexValue + wordToHexValue_temp.substr(wordToHexValue_temp.length - 2, 2);","     }","     return wordToHexValue;","    };","","    var x = [],","     k, AA, BB, CC, DD, a, b, c, d, S11 = 7,","     S12 = 12,","     S13 = 17,","     S14 = 22,","     S21 = 5,","     S22 = 9,","     S23 = 14,","     S24 = 20,","     S31 = 4,","     S32 = 11,","     S33 = 16,","     S34 = 23,","     S41 = 6,","     S42 = 10,","     S43 = 15,","     S44 = 21;","","    //str = this.utf8_encode(str);","    x = convertToWordArray(str);","    a = 0x67452301;","    b = 0xEFCDAB89;","    c = 0x98BADCFE;","    d = 0x10325476;","","    xl = x.length;","    for (k = 0; k < xl; k += 16) {","     AA = a;","     BB = b;","     CC = c;","     DD = d;","     a = _FF(a, b, c, d, x[k + 0], S11, 0xD76AA478);","     d = _FF(d, a, b, c, x[k + 1], S12, 0xE8C7B756);","     c = _FF(c, d, a, b, x[k + 2], S13, 0x242070DB);","     b = _FF(b, c, d, a, x[k + 3], S14, 0xC1BDCEEE);","     a = _FF(a, b, c, d, x[k + 4], S11, 0xF57C0FAF);","     d = _FF(d, a, b, c, x[k + 5], S12, 0x4787C62A);","     c = _FF(c, d, a, b, x[k + 6], S13, 0xA8304613);","     b = _FF(b, c, d, a, x[k + 7], S14, 0xFD469501);","     a = _FF(a, b, c, d, x[k + 8], S11, 0x698098D8);","     d = _FF(d, a, b, c, x[k + 9], S12, 0x8B44F7AF);","     c = _FF(c, d, a, b, x[k + 10], S13, 0xFFFF5BB1);","     b = _FF(b, c, d, a, x[k + 11], S14, 0x895CD7BE);","     a = _FF(a, b, c, d, x[k + 12], S11, 0x6B901122);","     d = _FF(d, a, b, c, x[k + 13], S12, 0xFD987193);","     c = _FF(c, d, a, b, x[k + 14], S13, 0xA679438E);","     b = _FF(b, c, d, a, x[k + 15], S14, 0x49B40821);","     a = _GG(a, b, c, d, x[k + 1], S21, 0xF61E2562);","     d = _GG(d, a, b, c, x[k + 6], S22, 0xC040B340);","     c = _GG(c, d, a, b, x[k + 11], S23, 0x265E5A51);","     b = _GG(b, c, d, a, x[k + 0], S24, 0xE9B6C7AA);","     a = _GG(a, b, c, d, x[k + 5], S21, 0xD62F105D);","     d = _GG(d, a, b, c, x[k + 10], S22, 0x2441453);","     c = _GG(c, d, a, b, x[k + 15], S23, 0xD8A1E681);","     b = _GG(b, c, d, a, x[k + 4], S24, 0xE7D3FBC8);","     a = _GG(a, b, c, d, x[k + 9], S21, 0x21E1CDE6);","     d = _GG(d, a, b, c, x[k + 14], S22, 0xC33707D6);","     c = _GG(c, d, a, b, x[k + 3], S23, 0xF4D50D87);","     b = _GG(b, c, d, a, x[k + 8], S24, 0x455A14ED);","     a = _GG(a, b, c, d, x[k + 13], S21, 0xA9E3E905);","     d = _GG(d, a, b, c, x[k + 2], S22, 0xFCEFA3F8);","     c = _GG(c, d, a, b, x[k + 7], S23, 0x676F02D9);","     b = _GG(b, c, d, a, x[k + 12], S24, 0x8D2A4C8A);","     a = _HH(a, b, c, d, x[k + 5], S31, 0xFFFA3942);","     d = _HH(d, a, b, c, x[k + 8], S32, 0x8771F681);","     c = _HH(c, d, a, b, x[k + 11], S33, 0x6D9D6122);","     b = _HH(b, c, d, a, x[k + 14], S34, 0xFDE5380C);","     a = _HH(a, b, c, d, x[k + 1], S31, 0xA4BEEA44);","     d = _HH(d, a, b, c, x[k + 4], S32, 0x4BDECFA9);","     c = _HH(c, d, a, b, x[k + 7], S33, 0xF6BB4B60);","     b = _HH(b, c, d, a, x[k + 10], S34, 0xBEBFBC70);","     a = _HH(a, b, c, d, x[k + 13], S31, 0x289B7EC6);","     d = _HH(d, a, b, c, x[k + 0], S32, 0xEAA127FA);","     c = _HH(c, d, a, b, x[k + 3], S33, 0xD4EF3085);","     b = _HH(b, c, d, a, x[k + 6], S34, 0x4881D05);","     a = _HH(a, b, c, d, x[k + 9], S31, 0xD9D4D039);","     d = _HH(d, a, b, c, x[k + 12], S32, 0xE6DB99E5);","     c = _HH(c, d, a, b, x[k + 15], S33, 0x1FA27CF8);","     b = _HH(b, c, d, a, x[k + 2], S34, 0xC4AC5665);","     a = _II(a, b, c, d, x[k + 0], S41, 0xF4292244);","     d = _II(d, a, b, c, x[k + 7], S42, 0x432AFF97);","     c = _II(c, d, a, b, x[k + 14], S43, 0xAB9423A7);","     b = _II(b, c, d, a, x[k + 5], S44, 0xFC93A039);","     a = _II(a, b, c, d, x[k + 12], S41, 0x655B59C3);","     d = _II(d, a, b, c, x[k + 3], S42, 0x8F0CCC92);","     c = _II(c, d, a, b, x[k + 10], S43, 0xFFEFF47D);","     b = _II(b, c, d, a, x[k + 1], S44, 0x85845DD1);","     a = _II(a, b, c, d, x[k + 8], S41, 0x6FA87E4F);","     d = _II(d, a, b, c, x[k + 15], S42, 0xFE2CE6E0);","     c = _II(c, d, a, b, x[k + 6], S43, 0xA3014314);","     b = _II(b, c, d, a, x[k + 13], S44, 0x4E0811A1);","     a = _II(a, b, c, d, x[k + 4], S41, 0xF7537E82);","     d = _II(d, a, b, c, x[k + 11], S42, 0xBD3AF235);","     c = _II(c, d, a, b, x[k + 2], S43, 0x2AD7D2BB);","     b = _II(b, c, d, a, x[k + 9], S44, 0xEB86D391);","     a = addUnsigned(a, AA);","     b = addUnsigned(b, BB);","     c = addUnsigned(c, CC);","     d = addUnsigned(d, DD);","    }","","    var temp = wordToHex(a) + wordToHex(b) + wordToHex(c) + wordToHex(d);","","    return temp.toLowerCase();","   }","","  };","","  return {","    encode: md5.createHash,","    decode: angular.noop","  };","});",""],"l":{"3":2,"6":0,"10":0,"12":0,"13":0,"16":0,"17":0,"18":0,"19":0,"20":0,"21":0,"22":0,"23":0,"24":0,"26":0,"27":0,"28":0,"30":0,"33":0,"37":0,"38":0,"40":0,"41":0,"43":0,"44":0,"46":0,"47":0,"50":0,"51":0,"52":0,"55":0,"56":0,"57":0,"60":0,"61":0,"62":0,"65":0,"66":0,"67":0,"70":0,"71":0,"72":0,"73":0,"74":0,"75":0,"76":0,"77":0,"78":0,"79":0,"80":0,"81":0,"82":0,"83":0,"85":0,"86":0,"87":0,"88":0,"89":0,"90":0,"93":0,"94":0,"97":0,"98":0,"99":0,"100":0,"102":0,"105":0,"124":0,"125":0,"126":0,"127":0,"128":0,"130":0,"131":0,"132":0,"133":0,"134":0,"135":0,"136":0,"137":0,"138":0,"139":0,"140":0,"141":0,"142":0,"143":0,"144":0,"145":0,"146":0,"147":0,"148":0,"149":0,"150":0,"151":0,"152":0,"153":0,"154":0,"155":0,"156":0,"157":0,"158":0,"159":0,"160":0,"161":0,"162":0,"163":0,"164":0,"165":0,"166":0,"167":0,"168":0,"169":0,"170":0,"171":0,"172":0,"173":0,"174":0,"175":0,"176":0,"177":0,"178":0,"179":0,"180":0,"181":0,"182":0,"183":0,"184":0,"185":0,"186":0,"187":0,"188":0,"189":0,"190":0,"191":0,"192":0,"193":0,"194":0,"195":0,"196":0,"197":0,"198":0,"199":0,"200":0,"201":0,"202":0,"203":0,"206":0,"208":0,"213":0}}}